Aries (constellation)


Aries is one of the constellations of the zodiac, the groups of stars through which the apparent course of the sun passes during the year.
**WHAT**

Aries (constellation)


Aries is one of the constellations of the zodiac, the groups of stars through which the apparent course of the sun passes during the year.
**WHERE**

It is located in the Northern Hemisphere between Pisces to the west and Taurus to the east.
**WHERE**

The name Aries is Latin for ram, and its symbol is [Aries.svg] (Unicode ♈), representing a ram's horns.
**WHAT**

It is one of the 48 constellations described by the 2nd century astronomer Ptolemy, and remains one of the 88 modern constellations.
**WHO**

It is one of the 48 constellations described by the 2nd century astronomer Ptolemy, and remains one of the 88 modern constellations.
**HOW**

It is a mid-sized constellation, ranking 39th overall size, with an area of 441 square degrees (1.1% of the celestial sphere).
**WHAT**

It is a mid-sized constellation, ranking 39th overall size, with an area of 441 square degrees (1.1% of the celestial sphere).
**HOW**

Although Aries came to represent specifically the ram whose fleece became the Golden Fleece of Ancient Greek mythology, it has represented a ram since late Babylonian times.
**WHAT**

Although Aries came to represent specifically the ram whose fleece became the Golden Fleece of Ancient Greek mythology, it has represented a ram since late Babylonian times.
**WHEN**

Although Aries came to represent specifically the ram whose fleece became the Golden Fleece of Ancient Greek mythology, it has represented a ram since late Babylonian times.
**WHO**

Before that, the stars of Aries formed a farmhand.
**WHAT**

Different cultures have incorporated the stars of Aries into different constellations including twin inspectors in China and a porpoise in the Marshall Islands.
**WHO**

Different cultures have incorporated the stars of Aries into different constellations including twin inspectors in China and a porpoise in the Marshall Islands.
**WHAT**

Aries is a relatively dim constellation, possessing only four bright stars: Hamal (Alpha Arietis, second magnitude), Sheratan (Beta Arietis, third magnitude), Mesartim (Gamma Arietis, fourth magnitude), and 41 Arietis (also fourth magnitude).
**HOW**

Aries is a relatively dim constellation, possessing only four bright stars: Hamal (Alpha Arietis, second magnitude), Sheratan (Beta Arietis, third magnitude), Mesartim (Gamma Arietis, fourth magnitude), and 41 Arietis (also fourth magnitude).
**WHAT**

The few deep-sky objects within the constellation are quite faint and include several pairs of interacting galaxies.
**HOW**

Several meteor showers appear to radiate from Aries, including the Daytime Arietids and the Epsilon Arietids.
**WHAT**

History and mythology
Aries is now recognized as an official constellation, albeit as a specific region of the sky, by the International Astronomical Union.
**WHO**

It was originally defined in ancient texts as a specific pattern of stars, and has remained a constellation since ancient times; it now includes the ancient pattern as well as the surrounding stars.
**HOW**

It was originally defined in ancient texts as a specific pattern of stars, and has remained a constellation since ancient times; it now includes the ancient pattern as well as the surrounding stars.
**WHAT**

In the description of the Babylonian zodiac given in the clay tablets known as the MUL.APIN, the constellation now known as Aries was the final station along the ecliptic.
**WHERE**

In the description of the Babylonian zodiac given in the clay tablets known as the MUL.APIN, the constellation now known as Aries was the final station along the ecliptic.
**WHAT**

The MUL.APIN was a comprehensive table of the risings and settings of stars, which likely served as an agricultural calendar.
**WHAT**

Modern-day Aries was known as MULLÚ.ḪUN.GÁ, "The Agrarian Worker" or "The Hired Man".
**WHAT**

Although likely compiled in the 12th or 11th century BCE, the MUL.APIN reflects a tradition which marks the Pleiades as the vernal equinox, which was the case with some precision at the beginning of the Middle Bronze Age.
**WHEN**

Although likely compiled in the 12th or 11th century BCE, the MUL.APIN reflects a tradition which marks the Pleiades as the vernal equinox, which was the case with some precision at the beginning of the Middle Bronze Age.
**WHAT**

The earliest identifiable reference to Aries as a distinct constellation comes from the boundary stones that date from 1350 to 1000 BCE.
**WHEN**

The earliest identifiable reference to Aries as a distinct constellation comes from the boundary stones that date from 1350 to 1000 BCE.
**WHERE**

The earliest identifiable reference to Aries as a distinct constellation comes from the boundary stones that date from 1350 to 1000 BCE.
**WHAT**

On several boundary stones, a zodiacal ram figure is distinct from the other characters present.
**WHAT**

On several boundary stones, a zodiacal ram figure is distinct from the other characters present.
**WHERE**

The shift in identification from the constellation as the Agrarian Worker to the Ram likely occurred in later Babylonian tradition because of its growing association with Dumuzi the Shepherd.
**WHY**

The shift in identification from the constellation as the Agrarian Worker to the Ram likely occurred in later Babylonian tradition because of its growing association with Dumuzi the Shepherd.
**WHO**

The shift in identification from the constellation as the Agrarian Worker to the Ram likely occurred in later Babylonian tradition because of its growing association with Dumuzi the Shepherd.
**WHEN**

By the time the MUL.APIN was created—by 1000 BCE—modern Aries was identified with both Dumuzi's ram and a hired laborer.
**WHEN**

By the time the MUL.APIN was created—by 1000 BCE—modern Aries was identified with both Dumuzi's ram and a hired laborer.
**WHAT**

The exact timing of this shift is difficult to determine due to the lack of images of Aries or other ram figures.
**WHY**

In ancient Egyptian astronomy, Aries was associated with the god Amon-Ra, who was depicted as a man with a ram's head and represented fertility and creativity.
**WHERE**

In ancient Egyptian astronomy, Aries was associated with the god Amon-Ra, who was depicted as a man with a ram's head and represented fertility and creativity.
**WHO**

In ancient Egyptian astronomy, Aries was associated with the god Amon-Ra, who was depicted as a man with a ram's head and represented fertility and creativity.
**WHAT**

Because it was the location of the vernal equinox, it was called the "Indicator of the Reborn Sun".
**WHY**

Because it was the location of the vernal equinox, it was called the "Indicator of the Reborn Sun".
**WHAT**

During the times of the year when Aries was prominent, priests would process statues of Amon-Ra to temples, a practice that was modified by Persian astronomers centuries later.
**WHEN**

During the times of the year when Aries was prominent, priests would process statues of Amon-Ra to temples, a practice that was modified by Persian astronomers centuries later.
**WHAT**

During the times of the year when Aries was prominent, priests would process statues of Amon-Ra to temples, a practice that was modified by Persian astronomers centuries later.
**WHO**

Aries acquired the title of "Lord of the Head" in Egypt, referring to its symbolic and mythological importance.
**WHAT**

Aries acquired the title of "Lord of the Head" in Egypt, referring to its symbolic and mythological importance.
**WHERE**

Aries acquired the title of "Lord of the Head" in Egypt, referring to its symbolic and mythological importance.
**WHY**

Aries was not fully accepted as a constellation until classical times.
**WHEN**

In Hellenistic astrology, the constellation of Aries is associated with the golden ram of Greek mythology that rescued Phrixos and Helle on orders from Hermes, taking him to the land of Colchis.
**WHERE**

In Hellenistic astrology, the constellation of Aries is associated with the golden ram of Greek mythology that rescued Phrixos and Helle on orders from Hermes, taking him to the land of Colchis.
**WHAT**

In Hellenistic astrology, the constellation of Aries is associated with the golden ram of Greek mythology that rescued Phrixos and Helle on orders from Hermes, taking him to the land of Colchis.
**WHO**

In Hellenistic astrology, the constellation of Aries is associated with the golden ram of Greek mythology that rescued Phrixos and Helle on orders from Hermes, taking him to the land of Colchis.
**WHY**

Phrixos and Helle were the son and daughter of King Athamas and his first wife Nephele.
**WHO**

The king's second wife, Ino, was jealous and wished to kill his children.
**WHAT**

The king's second wife, Ino, was jealous and wished to kill his children.
**WHO**

To accomplish this, she induced a famine in Boeotia, then falsified a message from the Oracle of Delphi that said Phrixos must be sacrificed to end the famine.
**WHAT**

To accomplish this, she induced a famine in Boeotia, then falsified a message from the Oracle of Delphi that said Phrixos must be sacrificed to end the famine.
**WHERE**

To accomplish this, she induced a famine in Boeotia, then falsified a message from the Oracle of Delphi that said Phrixos must be sacrificed to end the famine.
**WHO**

Athamas was about to sacrifice his son atop Mount Laphystium when Aries, sent by Nephele, arrived.
**WHERE**

Athamas was about to sacrifice his son atop Mount Laphystium when Aries, sent by Nephele, arrived.
**WHO**

Athamas was about to sacrifice his son atop Mount Laphystium when Aries, sent by Nephele, arrived.
**WHAT**

Helle fell off of Aries's back in flight and drowned in the Dardanelles, also called the Hellespont in her honor.
**WHEN**

Helle fell off of Aries's back in flight and drowned in the Dardanelles, also called the Hellespont in her honor.
**WHAT**

Helle fell off of Aries's back in flight and drowned in the Dardanelles, also called the Hellespont in her honor.
**WHERE**

After arriving, Phrixos sacrificed the ram to Zeus and gave the Fleece to Aeëtes of Colchis, who rewarded him with an engagement to his daughter Chalciope.
**WHAT**

After arriving, Phrixos sacrificed the ram to Zeus and gave the Fleece to Aeëtes of Colchis, who rewarded him with an engagement to his daughter Chalciope.
**WHO**

Aeëtes hung its skin in a sacred place where it became known as the Golden Fleece and was guarded by a dragon.
**WHERE**

Aeëtes hung its skin in a sacred place where it became known as the Golden Fleece and was guarded by a dragon.
**WHAT**

Aeëtes hung its skin in a sacred place where it became known as the Golden Fleece and was guarded by a dragon.
**WHO**

In a later myth, this Golden Fleece was stolen by Jason and the Argonauts.
**WHO**

In a later myth, this Golden Fleece was stolen by Jason and the Argonauts.
**WHAT**

Historically, Aries has been depicted as a crouched, wingless ram with its head turned towards Taurus.
**WHAT**

Historically, Aries has been depicted as a crouched, wingless ram with its head turned towards Taurus.
**WHO**

Ptolemy asserted in his Almagest that Hipparchus depicted Alpha Arietis as the ram's muzzle, though Ptolemy did not include it in his constellation figure.
**WHAT**

Ptolemy asserted in his Almagest that Hipparchus depicted Alpha Arietis as the ram's muzzle, though Ptolemy did not include it in his constellation figure.
**WHO**

Instead, it was listed as an "unformed star", and denoted as "the star over the head".
**WHAT**

John Flamsteed, in his Atlas Coelestis, followed Ptolemy's description by mapping it above the figure's head.
**WHO**

John Flamsteed, in his Atlas Coelestis, followed Ptolemy's description by mapping it above the figure's head.
**WHAT**

John Flamsteed, in his Atlas Coelestis, followed Ptolemy's description by mapping it above the figure's head.
**WHERE**

Flamsteed followed the general convention of maps by depicting Aries laying down.
**HOW**

Flamsteed followed the general convention of maps by depicting Aries laying down.
**WHO**

Astrologically, Aries has been associated with the head and its humors.
**WHAT**

Astrologically, Aries has been associated with the head and its humors.
**WHO**

It was strongly associated with Mars, both the planet and the god.
**WHAT**

It was considered to govern Western Europe and Syria, and to indicate a strong temper in a person.
**WHERE**

It was considered to govern Western Europe and Syria, and to indicate a strong temper in a person.
**WHAT**

The First Point of Aries, the location of the vernal equinox, is named for the constellation.
**WHERE**

The First Point of Aries, the location of the vernal equinox, is named for the constellation.
**WHAT**

This is because the Sun crossed the celestial equator from south to north in Aries more than two millennia ago.
**WHY**

This is because the Sun crossed the celestial equator from south to north in Aries more than two millennia ago.
**WHEN**

Hipparchus defined it in 130 BCE.
**WHEN**

Hipparchus defined it in 130 BCE.
**WHO**

as a point south of Gamma Arietis.
**WHERE**

Because of the precession of the equinoxes, the First Point of Aries has since moved into Pisces and will move into Aquarius by around 2600 CE.
**WHEN**

Because of the precession of the equinoxes, the First Point of Aries has since moved into Pisces and will move into Aquarius by around 2600 CE.
**WHY**

Because of the precession of the equinoxes, the First Point of Aries has since moved into Pisces and will move into Aquarius by around 2600 CE.
**WHERE**

The Sun now appears in Aries from late April through mid May, though the constellation is still associated with the beginning of spring.
**WHEN**

The Sun now appears in Aries from late April through mid May, though the constellation is still associated with the beginning of spring.
**WHAT**

Medieval Muslim astronomers depicted Aries in various ways.
**WHO**

Astronomers like al-Sufi saw the constellation as a ram, modeled on the precedent of Ptolemy.
**WHO**

However, some Islamic celestial globes depicted Aries as a nondescript four-legged animal with what may be antlers instead of horns.
**HOW**

However, some Islamic celestial globes depicted Aries as a nondescript four-legged animal with what may be antlers instead of horns.
**WHAT**

Some early Bedouin observers saw a ram elsewhere in the sky; this constellation featured the Pleiades as the ram's tail.
**WHO**

Some early Bedouin observers saw a ram elsewhere in the sky; this constellation featured the Pleiades as the ram's tail.
**HOW**

The generally accepted Arabic formation of Aries consisted of thirteen stars in a figure along with five "unformed" stars, four of which were over the animal's hindquarters and one of which was the disputed star over Aries's head.
**HOW**

The generally accepted Arabic formation of Aries consisted of thirteen stars in a figure along with five "unformed" stars, four of which were over the animal's hindquarters and one of which was the disputed star over Aries's head.
**WHERE**

The generally accepted Arabic formation of Aries consisted of thirteen stars in a figure along with five "unformed" stars, four of which were over the animal's hindquarters and one of which was the disputed star over Aries's head.
**WHO**

Al-Sufi's depiction differed from both other Arab astronomers' and Flamsteed's, in that his Aries was running and looking behind itself.
**WHO**

Al-Sufi's depiction differed from both other Arab astronomers' and Flamsteed's, in that his Aries was running and looking behind itself.
**HOW**

The obsolete constellations introduced in Aries (Musca Borealis, Vespa, and Apis) have all been composed of the northern stars.
**WHAT**

Musca Borealis was created from the stars 33 Arietis, 35 Arietis, 39 Arietis, and 41 Arietis.
**WHAT**

In 1612, Petrus Plancius introduced Apis, a constellation representing a bee.
**WHAT**

In 1612, Petrus Plancius introduced Apis, a constellation representing a bee.
**WHEN**

In 1612, Petrus Plancius introduced Apis, a constellation representing a bee.
**WHO**

In 1624, the same stars were used by Jakob Bartsch to create a constellation called Vespa, representing a wasp.
**WHEN**

In 1624, the same stars were used by Jakob Bartsch to create a constellation called Vespa, representing a wasp.
**WHO**

In 1624, the same stars were used by Jakob Bartsch to create a constellation called Vespa, representing a wasp.
**WHAT**

Neither constellation became widely accepted.
**YN**

Johann Hevelius renamed the constellation "Musca" in 1690 in his Firmamentum Sobiescianum.
**WHAT**

Johann Hevelius renamed the constellation "Musca" in 1690 in his Firmamentum Sobiescianum.
**WHO**

Johann Hevelius renamed the constellation "Musca" in 1690 in his Firmamentum Sobiescianum.
**WHEN**

To differentiate it from Musca, the southern fly, it was later renamed Musca Borealis but it did not gain acceptance and its stars were ultimately officially reabsorbed into Aries.
**WHY**

To differentiate it from Musca, the southern fly, it was later renamed Musca Borealis but it did not gain acceptance and its stars were ultimately officially reabsorbed into Aries.
**WHAT**

In 1922, the International Astronomical Union defined its recommended three-letter abbreviation, "Ari".
**WHEN**

In 1922, the International Astronomical Union defined its recommended three-letter abbreviation, "Ari".
**WHO**

In 1922, the International Astronomical Union defined its recommended three-letter abbreviation, "Ari".
**WHAT**

The official boundaries of Aries were defined in 1930 by Eugène Delporte as a polygon of 12 segments.
**WHO**

The official boundaries of Aries were defined in 1930 by Eugène Delporte as a polygon of 12 segments.
**WHEN**

The official boundaries of Aries were defined in 1930 by Eugène Delporte as a polygon of 12 segments.
**WHAT**

Its right ascension is between 1h 46.4m and 3h 29.4m and its declination is between 10.36° and 31.22° in the equatorial coordinate system.
**WHERE**

In non-Western astronomy
In traditional Chinese astronomy, stars from Aries were used in several constellations.
**WHERE**

The brightest stars—Alpha, Beta, and Gamma Arietis—formed a constellation called Lou, variously translated as "bond", "lasso", and "sickle", which was associated with the ritual sacrifice of cattle.
**WHAT**

This name was shared by the 16th lunar mansion, the location of the full moon closest to the autumnal equinox.
**WHAT**

The lunar mansion represented the area where animals were gathered before sacrifice around that time.
**WHAT**

This constellation has also been associated with harvest-time as it could represent a woman carrying a basket of food on her head.35, 39, and 41 Arietis were part of a constellation called Wei, which represented a fat abdomen and was the namesake of the 17th lunar mansion, which represented granaries.
**WHAT**

Delta and Zeta Arietis were a part of the constellation Tianyin, thought to represent the Emperor's hunting partner.
**WHAT**

Zuogeng (Tso-kang), a constellation depicting a marsh and pond inspector, was composed of Mu, Nu, Omicron, Pi, and Sigma Arietis.
**WHAT**

He was accompanied by Yeou-kang, a constellation depicting an official in charge of pasture distribution.
**WHAT**

In a similar system to the Chinese, the first lunar mansion in Hindu astronomy was called "Aswini", after the traditional names for Beta and Gamma Arietis, the Aswins.
**WHAT**

Because the Hindu new year began with the vernal equinox, the Rig Veda contains over 50 new-year's related hymns to the twins, making them some of the most prominent characters in the work.
**WHY**

Because the Hindu new year began with the vernal equinox, the Rig Veda contains over 50 new-year's related hymns to the twins, making them some of the most prominent characters in the work.
**WHEN**

Because the Hindu new year began with the vernal equinox, the Rig Veda contains over 50 new-year's related hymns to the twins, making them some of the most prominent characters in the work.
**WHAT**

Aries itself was known as "Aja" and "Mesha".
**WHAT**

In Hebrew astronomy Aries was named "Teli"; it signified either Simeon or Gad, and generally symbolizes the "Lamb of the World".
**WHAT**

The neighboring Syrians named the constellation "Amru", and the bordering Turks named it "Kuzi".
**WHO**

The neighboring Syrians named the constellation "Amru", and the bordering Turks named it "Kuzi".
**WHAT**

Half a world away, in the Marshall Islands, several stars from Aries were incorporated into a constellation depicting a porpoise, along with stars from Cassiopeia, Andromeda, and Triangulum.
**WHERE**

Half a world away, in the Marshall Islands, several stars from Aries were incorporated into a constellation depicting a porpoise, along with stars from Cassiopeia, Andromeda, and Triangulum.
**WHAT**

Alpha, Beta, and Gamma Arietis formed the head of the porpoise, while stars from Andromeda formed the body and the bright stars of Cassiopeia formed the tail.
**WHAT**

Other Polynesian peoples recognized Aries as a constellation.
**WHO**

Other Polynesian peoples recognized Aries as a constellation.
**WHAT**

The Marquesas islanders called it Na-pai-ka; the Maori constellation Pipiri may correspond to modern Aries as well.
**WHO**

The Marquesas islanders called it Na-pai-ka; the Maori constellation Pipiri may correspond to modern Aries as well.
**WHAT**

In indigenous Peruvian astronomy, a constellation with most of the same stars as Aries existed.
**WHERE**

It was called the "Market Moon" and the "Kneeling Terrace", as a reminder for when to hold the annual harvest festival, Ayri Huay.
**WHAT**

It was called the "Market Moon" and the "Kneeling Terrace", as a reminder for when to hold the annual harvest festival, Ayri Huay.
**WHY**

Notable features


Stars

Aries has three prominent stars forming an asterism, designated Alpha, Beta, and Gamma Arietis by Johann Bayer.
**WHAT**

Notable features


Stars

Aries has three prominent stars forming an asterism, designated Alpha, Beta, and Gamma Arietis by Johann Bayer.
**WHO**

All three are commonly used for navigation.
**YN**

There is also one other star above the fourth magnitude, 41 Arietis.
**WHAT**

α Arietis, called Hamal, is the brightest star in Aries.
**WHAT**

Its traditional name is derived from the Arabic word for "lamb" or "head of the ram" (ras al-hamal), which references Aries's mythological background.
**WHAT**

With a spectral class of K2 and a luminosity class of III, it is an orange giant with an apparent visual magnitude of 2.00, which lies 66 light-years from Earth.
**HOW**

With a spectral class of K2 and a luminosity class of III, it is an orange giant with an apparent visual magnitude of 2.00, which lies 66 light-years from Earth.
**WHAT**

Hamal has a luminosity of 96 L☉ and its absolute magnitude is −0.1.
**WHAT**

β Arietis, also known as Sheratan, is a blue-white star with an apparent visual magnitude of 2.64.
**WHAT**

Its traditional name is derived from "sharatayn", the Arabic word for "the two signs", referring to both Beta and Gamma Arietis in their position as heralds of the vernal equinox.
**WHAT**

The two stars were known to the Bedouin as "qarna al-hamal", "horns of the ram".
**WHAT**

It is 59 light-years from Earth.
**HOW**

It has a luminosity of 11 L☉ and its absolute magnitude is 2.1.
**WHAT**

It is a spectroscopic binary star, one in which the companion star is only known through analysis of the spectra.
**WHAT**

The spectral class of the primary is A5.Hermann Carl Vogel determined that Sheratan was a spectroscopic binary in 1903; its orbit was determined by Hans Ludendorff in 1907.
**WHAT**

The spectral class of the primary is A5.Hermann Carl Vogel determined that Sheratan was a spectroscopic binary in 1903; its orbit was determined by Hans Ludendorff in 1907.
**WHO**

The spectral class of the primary is A5.Hermann Carl Vogel determined that Sheratan was a spectroscopic binary in 1903; its orbit was determined by Hans Ludendorff in 1907.
**WHEN**

It has since been studied for its eccentric orbit.
**WHY**

γ Arietis, with a common name of Mesartim, is a binary star with two white-hued components, located in a rich field of magnitude 8–12 stars.
**WHAT**

γ Arietis, with a common name of Mesartim, is a binary star with two white-hued components, located in a rich field of magnitude 8–12 stars.
**WHERE**

Its traditional name has conflicting derivations.
**YN**

It may be derived from a corruption of "al-sharatan", the Arabic word meaning "pair" or a word for "fat ram".
**WHAT**

However, it may also come from the Sanskrit for "first star of Aries" or the Hebrew for "ministerial servants", both of which are unusual languages of origin for star names.
**WHAT**

Along with Beta Arietis, it was known to the Bedouin as "qarna al-hamal".
**WHAT**

Along with Beta Arietis, it was known to the Bedouin as "qarna al-hamal".
**WHO**

The primary is of magnitude 4.59 and the secondary is of magnitude 4.68.
**WHAT**

The system is 164 light-years from Earth.
**HOW**

The two components are separated by 7.8 arcseconds, and the system as a whole has an apparent magnitude of 3.9.
**WHAT**

The primary has a luminosity of 60 L☉ and the secondary has a luminosity of 56 L☉; the primary is an A-type star with an absolute magnitude of 0.2 and the secondary is a B9-type star with an absolute magnitude of 0.4.
**WHAT**

The angle between the two components is 1°.
**WHAT**

Mesartim was discovered to be a double star by Robert Hooke in 1664, one of the earliest such telescopic discoveries.
**WHO**

Mesartim was discovered to be a double star by Robert Hooke in 1664, one of the earliest such telescopic discoveries.
**WHEN**

Mesartim was discovered to be a double star by Robert Hooke in 1664, one of the earliest such telescopic discoveries.
**WHAT**

The primary, γ1 Arietis, is an Alpha² Canum Venaticorum variable star that has a range of 0.02 magnitudes and a period of 2.607 days.
**WHAT**

It is unusual because of its strong silicon emission lines.
**WHY**

The constellation is home to several double stars, including Epsilon, Lambda, and Pi Arietis.
**WHAT**

ε Arietis is a binary star with two white components.
**WHAT**

The primary is of magnitude 5.2 and the secondary is of magnitude 5.5.
**WHAT**

The system is 290 light-years from Earth.
**HOW**

Its overall magnitude is 4.63, and the primary has an absolute magnitude of 1.4.
**WHAT**

Its spectral class is A2.
**WHAT**

The two components are separated by 1.5 arcseconds.λ Arietis is a wide double star with a white-hued primary and a yellow-hued secondary.
**WHAT**

The primary is of magnitude 4.8 and the secondary is of magnitude 7.3.
**WHAT**

The primary is 129 light-years from Earth.
**HOW**

It has an absolute magnitude of 1.7 and a spectral class of F0.
**WHAT**

The two components are separated by 36 arcseconds at an angle of 50°; the two stars are located 0.5° east of 7 Arietis.π Arietis is a close binary star with a blue-white primary and a white secondary.
**WHAT**

The two components are separated by 36 arcseconds at an angle of 50°; the two stars are located 0.5° east of 7 Arietis.π Arietis is a close binary star with a blue-white primary and a white secondary.
**WHERE**

The primary is of magnitude 5.3 and the secondary is of magnitude 8.5.
**WHAT**

The primary is 776 light-years from Earth.
**HOW**

The primary itself is a wide double star with a separation of 25.2 arcseconds; the tertiary has a magnitude of 10.8.
**WHAT**

The primary and secondary are separated by 3.2 arcseconds.
**WHAT**

Most of the other stars in Aries visible to the naked eye have magnitudes between 3 and 5.
**WHAT**

δ Ari, called Boteïn, is a star of magnitude 4.35, 170 light-years away.
**WHAT**

δ Ari, called Boteïn, is a star of magnitude 4.35, 170 light-years away.
**HOW**

It has an absolute magnitude of −0.1 and a spectral class of K2.ζ Arietis is a star of magnitude 4.89, 263 light-years away.
**WHAT**

It has an absolute magnitude of −0.1 and a spectral class of K2.ζ Arietis is a star of magnitude 4.89, 263 light-years away.
**HOW**

Its spectral class is A0 and its absolute magnitude is 0.0.14 Arietis is a star of magnitude 4.98, 288 light-years away.
**WHAT**

Its spectral class is A0 and its absolute magnitude is 0.0.14 Arietis is a star of magnitude 4.98, 288 light-years away.
**HOW**

Its spectral class is F2 and its absolute magnitude is 0.6.39 Arietis is a similar star of magnitude 4.51, 172 light-years away.
**WHAT**

Its spectral class is F2 and its absolute magnitude is 0.6.39 Arietis is a similar star of magnitude 4.51, 172 light-years away.
**HOW**

Its spectral class is K1 and its absolute magnitude is 0.0.35 Arietis is a dim star of magnitude 4.55, 343 light-years away.
**WHAT**

Its spectral class is K1 and its absolute magnitude is 0.0.35 Arietis is a dim star of magnitude 4.55, 343 light-years away.
**HOW**

Its spectral class is B3 and its absolute magnitude is −1.7.41 Arietis, known both as c Arietis and Nair al Butain, is a brighter star of magnitude 3.63, 165 light-years away.
**WHAT**

Its spectral class is B3 and its absolute magnitude is −1.7.41 Arietis, known both as c Arietis and Nair al Butain, is a brighter star of magnitude 3.63, 165 light-years away.
**HOW**

Its spectral class is B8 and it has a luminosity of 105 L☉.
**WHAT**

Its absolute magnitude is −0.2.53 Arietis is a runaway star of magnitude 6.09, 815 light-years away.
**WHAT**

Its absolute magnitude is −0.2.53 Arietis is a runaway star of magnitude 6.09, 815 light-years away.
**HOW**

Its spectral class is B2.
**WHAT**

It was likely ejected from the Orion Nebula approximately five million years ago, possibly due to supernovae.
**WHEN**

It was likely ejected from the Orion Nebula approximately five million years ago, possibly due to supernovae.
**WHERE**

It was likely ejected from the Orion Nebula approximately five million years ago, possibly due to supernovae.
**WHAT**

Finally, Teegarden's Star is the closest star to Earth in Aries.
**WHAT**

It is a brown dwarf of magnitude 15.14 and spectral class M6.5V.
**WHAT**

With a proper motion of 5.1 arcseconds per year, it is the 24th closest star to Earth overall.
**WHAT**

Aries has its share of variable stars, including R and U Arietis, Mira-type variable stars, and T Arietis, a semi-regular variable star.
**WHAT**

R Arietis is a Mira variable star that ranges in magnitude from a minimum of 13.7 to a maximum of 7.4 with a period of 186.8 days.
**WHAT**

It is 4,080 light-years away.U Arietis is another Mira variable star that ranges in magnitude from a minimum of 15.2 to a maximum of 7.2 with a period of 371.1 days.T Arietis is a semiregular variable star that ranges in magnitude from a minimum of 11.3 to a maximum of 7.5 with a period of 317 days.
**WHAT**

It is 1,630 light-years away.
**HOW**

One particularly interesting variable in Aries is SX Arietis, a rotating variable star considered to be the prototype of its class, helium variable stars.
**WHAT**

SX Arietis stars have very prominent emission lines of Helium I and Silicon III.
**WHAT**

They are normally main-sequence B0p—B9p stars, and their variations are not usually visible to the naked eye.
**YN**

Therefore, they are observed photometrically, usually having periods that fit in the course of one night.
**HOW**

Similar to Alpha² Canum Venaticorum variables, SX Arietis stars have periodic changes in their light and magnetic field, which correspond to the periodic rotation; they differ from the Alpha² Canum Venaticorum variables in their higher temperature.
**WHAT**

There are between 39 and 49 SX Arietis variable stars currently known; ten are noted as being "uncertain" in the General Catalog of Variable Stars.
**HOW**

There are between 39 and 49 SX Arietis variable stars currently known; ten are noted as being "uncertain" in the General Catalog of Variable Stars.
**WHERE**

Deep-sky objects
The few deep-sky objects in Aries are very dim.
**YN**

Nevertheless, several scientifically interesting galaxies lie within its borders; it has spiral, elliptical, and interacting galaxies.
**WHAT**

NGC 772 is a spiral galaxy with an integrated magnitude of 10.3, located southeast of β Arietis and 15 arcminutes west of 15 Arietis.
**WHAT**

NGC 772 is a spiral galaxy with an integrated magnitude of 10.3, located southeast of β Arietis and 15 arcminutes west of 15 Arietis.
**WHERE**

It is a relatively bright galaxy and shows obvious nebulosity and ellipticity in an amateur telescope.
**WHAT**

It is 7.2 by 4.2 arcminutes, meaning that its surface brightness, magnitude 13.6, is significantly lower than its integrated magnitude.
**HOW**

It is 7.2 by 4.2 arcminutes, meaning that its surface brightness, magnitude 13.6, is significantly lower than its integrated magnitude.
**WHAT**

NGC 772 is a class SA(s)b galaxy, which means that it is an unbarred spiral galaxy without a ring that possesses a somewhat prominent bulge and spiral arms that are wound somewhat tightly.
**WHAT**

The main arm, on the northwest side of the galaxy, is home to many star forming regions; this is due to previous gravitational interactions with other galaxies.
**WHERE**

The main arm, on the northwest side of the galaxy, is home to many star forming regions; this is due to previous gravitational interactions with other galaxies.
**WHAT**

The main arm, on the northwest side of the galaxy, is home to many star forming regions; this is due to previous gravitational interactions with other galaxies.
**WHY**

NGC 772 has a small companion galaxy, NGC 770, that is about 113,000 light-years away from the larger galaxy.
**WHAT**

NGC 772 has a small companion galaxy, NGC 770, that is about 113,000 light-years away from the larger galaxy.
**HOW**

The two galaxies together are also classified as Arp 78 in the Arp peculiar galaxy catalog.
**WHAT**

NGC 772 has a diameter of 240,000 light-years and the system is 114 million light-years from Earth.
**WHAT**

Another spiral galaxy in Aries is NGC 673, a face-on class SAB(s)c galaxy.
**WHAT**

It is a weakly barred spiral galaxy with loosely wound arms.
**HOW**

It has no ring and a faint bulge and is 2.5 by 1.9 arcminutes.
**HOW**

It has two primary arms with fragments located farther from the core.
**YN**

171,000 light-years in diameter, NGC 673 is 235 million light-years from Earth.
**HOW**

171,000 light-years in diameter, NGC 673 is 235 million light-years from Earth.
**WHAT**

NGC 678 and NGC 680 are a pair of galaxies in Aries that are only about 200,000 light-years apart.
**WHAT**

NGC 678 and NGC 680 are a pair of galaxies in Aries that are only about 200,000 light-years apart.
**HOW**

Part of the NGC 691 group of galaxies, both are at a distance of approximately 130 million light-years.
**HOW**

Part of the NGC 691 group of galaxies, both are at a distance of approximately 130 million light-years.
**WHAT**

NGC 678 is an edge-on spiral galaxy that is 4.5 by 0.8 arcminutes.
**HOW**

NGC 680, an elliptical galaxy with an asymmetrical boundary, is the brighter of the two at magnitude 12.9; NGC 678 has a magnitude of 13.35.
**WHAT**

Both galaxies have bright cores, but NGC 678 is the larger galaxy at a diameter of 171,000 light-years; NGC 680 has a diameter of 72,000 light-years.
**WHAT**

Both galaxies have bright cores, but NGC 678 is the larger galaxy at a diameter of 171,000 light-years; NGC 680 has a diameter of 72,000 light-years.
**HOW**

NGC 678 is further distinguished by its prominent dust lane.
**HOW**

NGC 691 itself is a spiral galaxy slightly inclined to our line of sight.
**YN**

It has multiple spiral arms and a bright core.
**YN**

Because it is so diffuse, it has a low surface brightness.
**WHY**

It has a diameter of 126,000 light-years and is 124 million light-years away.NGC 877 is the brightest member of an 8-galaxy group that also includes NGC 870, NGC 871, and NGC 876, with a magnitude of 12.53.
**WHAT**

It has a diameter of 126,000 light-years and is 124 million light-years away.NGC 877 is the brightest member of an 8-galaxy group that also includes NGC 870, NGC 871, and NGC 876, with a magnitude of 12.53.
**HOW**

It is 2.4 by 1.8 arcminutes and is 178 million light-years away with a diameter of 124,000 light-years.
**WHAT**

It is 2.4 by 1.8 arcminutes and is 178 million light-years away with a diameter of 124,000 light-years.
**HOW**

Its companion is NGC 876, which is about 103,000 light-years from the core of NGC 877.
**WHAT**

Its companion is NGC 876, which is about 103,000 light-years from the core of NGC 877.
**HOW**

They are interacting gravitationally, as they are connected by a faint stream of gas and dust.Arp 276 is a different pair of interacting galaxies in Aries, consisting of NGC 935 and IC 1801.
**HOW**

They are interacting gravitationally, as they are connected by a faint stream of gas and dust.Arp 276 is a different pair of interacting galaxies in Aries, consisting of NGC 935 and IC 1801.
**WHAT**

NGC 821 is an E6 elliptical galaxy.
**WHAT**

It is unusual because it has hints of an early spiral structure, which is normally only found in lenticular and spiral galaxies.
**WHY**

It is unusual because it has hints of an early spiral structure, which is normally only found in lenticular and spiral galaxies.
**WHERE**

NGC 821 is 2.6 by 2.0 arcminutes and has a visual magnitude of 11.3.
**HOW**

NGC 821 is 2.6 by 2.0 arcminutes and has a visual magnitude of 11.3.
**WHAT**

Its diameter is 61,000 light-years and it is 80 million light-years away.
**WHAT**

Its diameter is 61,000 light-years and it is 80 million light-years away.
**HOW**

Another unusual galaxy in Aries is Segue 2.
**WHAT**

Segue 2 is a dwarf galaxy that is a satellite galaxy of the Milky Way, recently discovered to be a potential relic of the epoch of reionization.
**WHAT**

Meteor showers
Aries is home to several meteor showers.
**YN**

The Daytime Arietid meteor shower is one of the strongest meteor showers that occurs during the day, lasting from 22 May to 2 June.
**WHEN**

The Daytime Arietid meteor shower is one of the strongest meteor showers that occurs during the day, lasting from 22 May to 2 June.
**WHAT**

It is an annual shower associated with the Marsden group of comets that peaks on 7 June with a maximum zenithal hourly rate of 54 meteors.
**WHAT**

Its parent body may be the asteroid Icarus.
**WHAT**

The meteors are sometimes visible before dawn, because the radiant is 32 degrees away from the Sun.
**WHEN**

The meteors are sometimes visible before dawn, because the radiant is 32 degrees away from the Sun.
**WHY**

They usually appear at a rate of 1–2 per hour as "earthgrazers", meteors that last several seconds and often begin at the horizon.
**WHAT**

They usually appear at a rate of 1–2 per hour as "earthgrazers", meteors that last several seconds and often begin at the horizon.
**HOW**

They usually appear at a rate of 1–2 per hour as "earthgrazers", meteors that last several seconds and often begin at the horizon.
**WHERE**

Because most of the Daytime Arietids are not visible to the naked eye, they are observed in the radio spectrum.
**WHERE**

This is possible because of the ionized gas they leave in their wake.
**WHY**

Other meteor showers radiate from Aries during the day; these include the Daytime Epsilon Arietids and the Northern and Southern Daytime May Arietids.
**WHAT**

The Jodrell Bank Observatory discovered the Daytime Arietids in 1947 when James Hey and G.S.
**WHO**

The Jodrell Bank Observatory discovered the Daytime Arietids in 1947 when James Hey and G.S.
**WHEN**

Stewart adapted the World War II-era radar systems for meteor observations.
**WHY**

Stewart adapted the World War II-era radar systems for meteor observations.
**WHAT**

The Delta Arietids are another meteor shower radiating from Aries.
**WHAT**

Peaking on 9 December with a low peak rate, the shower lasts from 8 December to 14 January, with the highest rates visible from 8 to 14 December.
**WHEN**

The average Delta Aquarid meteor is very slow, with an average velocity of 13.2 kilometres (8.2 mi) per second.
**WHAT**

However, this shower sometimes produces bright fireballs.
**WHAT**

This meteor shower has northern and southern components, both of which are likely associated with 1990 HA, a near-earth asteroid.
**WHAT**

The Autumn Arietids also radiate from Aries.
**WHAT**

The shower lasts from 7 September to 27 October and peaks on 9 October.
**WHEN**

Its peak rate is low.
**YN**

The Epsilon Arietids appear from 12 to 23 October.
**WHEN**

Other meteor showers radiating from Aries include the October Delta Arietids, Daytime Epsilon Arietids, Daytime May Arietids, Sigma Arietids, Nu Arietids, and Beta Arietids.
**WHAT**

The Sigma Arietids, a class IV meteor shower, are visible from 12 to 19 October, with a maximum zenithal hourly rate of less than two meteors per hour on 19 October.
**WHAT**

The Sigma Arietids, a class IV meteor shower, are visible from 12 to 19 October, with a maximum zenithal hourly rate of less than two meteors per hour on 19 October.
**WHEN**

Planetary systems
Aries contains several stars with extrasolar planets.
**YN**

HIP 14810, a G5 type star, is orbited by three giant planets (those more than ten times the mass of Earth).HD 12661, like HIP 14810, is a G-type main sequence star, slightly larger than the Sun, with two orbiting planets.
**WHAT**

One planet is 2.3 times the mass of Jupiter, and the other is 1.57 times the mass of Jupiter.HD 20367 is a G0 type star, approximately the size of the Sun, with one orbiting planet.
**HOW**

One planet is 2.3 times the mass of Jupiter, and the other is 1.57 times the mass of Jupiter.HD 20367 is a G0 type star, approximately the size of the Sun, with one orbiting planet.
**WHAT**

The planet, discovered in 2002, has a mass 1.07 times that of Jupiter and orbits every 500 days.
**WHEN**

The planet, discovered in 2002, has a mass 1.07 times that of Jupiter and orbits every 500 days.
**HOW**

The planet, discovered in 2002, has a mass 1.07 times that of Jupiter and orbits every 500 days.
**WHAT**

