Andromeda (constellation)


Andromeda is one of the 48 constellations listed by the 2nd-century Greco-Roman astronomer Ptolemy and remains one of the 88 modern constellations.
**WHAT**

Andromeda (constellation)


Andromeda is one of the 48 constellations listed by the 2nd-century Greco-Roman astronomer Ptolemy and remains one of the 88 modern constellations.
**WHO**

Located north of the celestial equator, it is named for Andromeda, daughter of Cassiopeia, in the Greek myth, who was chained to a rock to be eaten by the sea monster Cetus.
**WHERE**

Located north of the celestial equator, it is named for Andromeda, daughter of Cassiopeia, in the Greek myth, who was chained to a rock to be eaten by the sea monster Cetus.
**WHAT**

Located north of the celestial equator, it is named for Andromeda, daughter of Cassiopeia, in the Greek myth, who was chained to a rock to be eaten by the sea monster Cetus.
**WHO**

Andromeda is most prominent during autumn evenings in the Northern Hemisphere, along with several other constellations named for characters in the Perseus myth.
**WHEN**

Andromeda is most prominent during autumn evenings in the Northern Hemisphere, along with several other constellations named for characters in the Perseus myth.
**WHERE**

Andromeda is most prominent during autumn evenings in the Northern Hemisphere, along with several other constellations named for characters in the Perseus myth.
**WHAT**

Because of its northern declination, Andromeda is only visible north of 40° south latitude; for observers farther south it lies below the horizon.
**WHERE**

Because of its northern declination, Andromeda is only visible north of 40° south latitude; for observers farther south it lies below the horizon.
**WHY**

Because of its northern declination, Andromeda is only visible north of 40° south latitude; for observers farther south it lies below the horizon.
**WHAT**

It is one of the largest constellations, with an area of 722 square degrees.
**HOW**

It is one of the largest constellations, with an area of 722 square degrees.
**WHAT**

This is over 1,400 times the size of the full moon, 55% of the size of the largest constellation, Hydra, and over 10 times the size of the smallest constellation, Crux.
**HOW**

This is over 1,400 times the size of the full moon, 55% of the size of the largest constellation, Hydra, and over 10 times the size of the smallest constellation, Crux.
**WHAT**

Its brightest star, Alpha Andromedae, is a binary star that has also been counted as a part of Pegasus, while Gamma Andromedae is a colorful binary and a popular target for amateur astronomers.
**WHAT**

Its brightest star, Alpha Andromedae, is a binary star that has also been counted as a part of Pegasus, while Gamma Andromedae is a colorful binary and a popular target for amateur astronomers.
**WHO**

Only marginally dimmer than Alpha, Beta Andromedae is a red giant, its color visible to the naked eye.
**WHAT**

The constellation's most obvious deep-sky object is the naked-eye Andromeda Galaxy (M31, also called the Great Galaxy of Andromeda), the closest spiral galaxy to the Milky Way and one of the brightest Messier objects.
**WHAT**

Several fainter galaxies, including M31's companions M110 and M32, as well as the more distant NGC 891, lie within Andromeda.
**WHAT**

Several fainter galaxies, including M31's companions M110 and M32, as well as the more distant NGC 891, lie within Andromeda.
**WHERE**

The Blue Snowball Nebula, a planetary nebula, is visible in a telescope as a blue circular object.
**WHAT**

In Chinese astronomy, the stars that make up Andromeda were members of four different constellations that had astrological and mythological significance; a constellation related to Andromeda also exists in Hindu mythology.
**WHAT**

Andromeda is the location of the radiant for the Andromedids, a weak meteor shower that occurs in November.
**WHERE**

Andromeda is the location of the radiant for the Andromedids, a weak meteor shower that occurs in November.
**WHAT**

Andromeda is the location of the radiant for the Andromedids, a weak meteor shower that occurs in November.
**WHEN**

History and mythology

The uranography of Andromeda has its roots most firmly in the Greek tradition, though a female figure in Andromeda's location had appeared earlier in Babylonian astronomy.
**WHAT**

History and mythology

The uranography of Andromeda has its roots most firmly in the Greek tradition, though a female figure in Andromeda's location had appeared earlier in Babylonian astronomy.
**WHERE**

The stars that make up Pisces and the middle portion of modern Andromeda formed a constellation representing a fertility goddess, sometimes named as Anunitum or the Lady of the Heavens.
**WHAT**

The stars that make up Pisces and the middle portion of modern Andromeda formed a constellation representing a fertility goddess, sometimes named as Anunitum or the Lady of the Heavens.
**WHO**

Andromeda is known as "the Chained Lady" or "the Chained Woman" in English.
**WHO**

Andromeda is known as "the Chained Lady" or "the Chained Woman" in English.
**WHAT**

It was known as Mulier Catenata ("chained woman") in Latin and al-Mar'at al Musalsalah in Arabic.
**WHO**

It was known as Mulier Catenata ("chained woman") in Latin and al-Mar'at al Musalsalah in Arabic.
**WHAT**

It has also been called Persea ("Perseus's wife") or Cepheis ("Cepheus's daughter"), all names that refer to Andromeda's role in the Greco-Roman myth of Perseus, in which Cassiopeia, the queen of Ethiopia, bragged that her daughter was more beautiful than the Nereids, sea nymphs blessed with incredible beauty.
**WHAT**

It has also been called Persea ("Perseus's wife") or Cepheis ("Cepheus's daughter"), all names that refer to Andromeda's role in the Greco-Roman myth of Perseus, in which Cassiopeia, the queen of Ethiopia, bragged that her daughter was more beautiful than the Nereids, sea nymphs blessed with incredible beauty.
**WHO**

Offended at her remark, the nymphs petitioned Poseidon to punish Cassiopeia for her insolence, which he did by commanding the sea monster Cetus to attack Ethiopia.
**WHY**

Offended at her remark, the nymphs petitioned Poseidon to punish Cassiopeia for her insolence, which he did by commanding the sea monster Cetus to attack Ethiopia.
**WHO**

Offended at her remark, the nymphs petitioned Poseidon to punish Cassiopeia for her insolence, which he did by commanding the sea monster Cetus to attack Ethiopia.
**WHAT**

Offended at her remark, the nymphs petitioned Poseidon to punish Cassiopeia for her insolence, which he did by commanding the sea monster Cetus to attack Ethiopia.
**HOW**

Andromeda's panicked father, Cepheus, was told by the Oracle of Ammon that the only way to save his kingdom was to sacrifice his daughter to Cetus.
**WHO**

Andromeda's panicked father, Cepheus, was told by the Oracle of Ammon that the only way to save his kingdom was to sacrifice his daughter to Cetus.
**WHAT**

Andromeda's panicked father, Cepheus, was told by the Oracle of Ammon that the only way to save his kingdom was to sacrifice his daughter to Cetus.
**HOW**

Andromeda's panicked father, Cepheus, was told by the Oracle of Ammon that the only way to save his kingdom was to sacrifice his daughter to Cetus.
**WHY**

She was chained to a rock by the sea but was saved by the hero Perseus, who used the head of Medusa to turn the monster into stone;Algol (β Persei), the "Demon Star", marks the head of Medusa.
**WHO**

She was chained to a rock by the sea but was saved by the hero Perseus, who used the head of Medusa to turn the monster into stone;Algol (β Persei), the "Demon Star", marks the head of Medusa.
**HOW**

She was chained to a rock by the sea but was saved by the hero Perseus, who used the head of Medusa to turn the monster into stone;Algol (β Persei), the "Demon Star", marks the head of Medusa.
**WHAT**

Perseus and Andromeda then married; the myth recounts that the couple had seven children together – six sons and one daughter – and founded Mycenae and its Persideae dynasty.
**HOW**

Perseus and Andromeda then married; the myth recounts that the couple had seven children together – six sons and one daughter – and founded Mycenae and its Persideae dynasty.
**WHO**

After Andromeda's death Athena placed her in the sky as a constellation, to honor her.
**WHEN**

After Andromeda's death Athena placed her in the sky as a constellation, to honor her.
**WHY**

After Andromeda's death Athena placed her in the sky as a constellation, to honor her.
**WHO**

After Andromeda's death Athena placed her in the sky as a constellation, to honor her.
**WHERE**

Several of the neighboring constellations (Perseus, Cassiopeia, Cetus, and Cepheus) also represent characters in the Perseus myth.
**WHAT**

Andromeda was one of the original 48 constellations formulated by Ptolemy in his 2nd-century Almagest, in which it was defined as a specific pattern of stars.
**WHO**

Andromeda was one of the original 48 constellations formulated by Ptolemy in his 2nd-century Almagest, in which it was defined as a specific pattern of stars.
**HOW**

Andromeda was one of the original 48 constellations formulated by Ptolemy in his 2nd-century Almagest, in which it was defined as a specific pattern of stars.
**WHAT**

She is typically depicted with α Andromedae as her head, ο and λ Andromedae as her chains, and δ, π, μ, Β, and γ Andromedae representing her body and legs.
**WHO**

She is typically depicted with α Andromedae as her head, ο and λ Andromedae as her chains, and δ, π, μ, Β, and γ Andromedae representing her body and legs.
**WHAT**

However, there is no universal depiction of Andromeda and the stars used to represent her body, head, and chains.
**YN**

Arab astronomers were aware of Ptolemy's constellations, but they included a second constellation representing a fish at Andromeda's feet.
**WHO**

Arab astronomers were aware of Ptolemy's constellations, but they included a second constellation representing a fish at Andromeda's feet.
**WHAT**

Arab astronomers were aware of Ptolemy's constellations, but they included a second constellation representing a fish at Andromeda's feet.
**WHERE**

Several stars from Andromeda and most of the stars in Lacerta were combined in 1787 by German astronomer Johann Bode to form Frederici Honores (also called Friedrichs Ehre).
**WHEN**

Several stars from Andromeda and most of the stars in Lacerta were combined in 1787 by German astronomer Johann Bode to form Frederici Honores (also called Friedrichs Ehre).
**WHO**

Several stars from Andromeda and most of the stars in Lacerta were combined in 1787 by German astronomer Johann Bode to form Frederici Honores (also called Friedrichs Ehre).
**WHAT**

Several stars from Andromeda and most of the stars in Lacerta were combined in 1787 by German astronomer Johann Bode to form Frederici Honores (also called Friedrichs Ehre).
**HOW**

It was designed to honor King Frederick II of Prussia, but quickly fell into disuse.
**WHY**

It was designed to honor King Frederick II of Prussia, but quickly fell into disuse.
**WHAT**

It was designed to honor King Frederick II of Prussia, but quickly fell into disuse.
**WHO**

Since the time of Ptolemy, Andromeda has remained a constellation and is officially recognized by the International Astronomical Union, although like all modern constellations, it is now defined as a specific region of the sky that includes both Ptolemy's pattern and the surrounding stars.
**HOW**

Since the time of Ptolemy, Andromeda has remained a constellation and is officially recognized by the International Astronomical Union, although like all modern constellations, it is now defined as a specific region of the sky that includes both Ptolemy's pattern and the surrounding stars.
**WHAT**

Since the time of Ptolemy, Andromeda has remained a constellation and is officially recognized by the International Astronomical Union, although like all modern constellations, it is now defined as a specific region of the sky that includes both Ptolemy's pattern and the surrounding stars.
**WHEN**

In 1922, the IAU defined its recommended three-letter abbreviation, "And".
**WHEN**

In 1922, the IAU defined its recommended three-letter abbreviation, "And".
**WHAT**

The official boundaries of Andromeda were defined in 1930 by Eugène Delporte as a polygon of 36 segments.
**WHEN**

The official boundaries of Andromeda were defined in 1930 by Eugène Delporte as a polygon of 36 segments.
**WHO**

The official boundaries of Andromeda were defined in 1930 by Eugène Delporte as a polygon of 36 segments.
**WHAT**

The official boundaries of Andromeda were defined in 1930 by Eugène Delporte as a polygon of 36 segments.
**HOW**

Its right ascension is between 22h 57.5m and 2h 39.3m and its declination is between 53.19° and 21.68° in the equatorial coordinate system.
**WHERE**

Its right ascension is between 22h 57.5m and 2h 39.3m and its declination is between 53.19° and 21.68° in the equatorial coordinate system.
**WHAT**

In non-Western astronomy
In traditional Chinese astronomy, nine stars from Andromeda (including Beta Andromedae, Mu Andromedae, and Nu Andromedae), along with seven stars from Pisces, formed an elliptical constellation called "Legs" (奎宿).
**WHERE**

In non-Western astronomy
In traditional Chinese astronomy, nine stars from Andromeda (including Beta Andromedae, Mu Andromedae, and Nu Andromedae), along with seven stars from Pisces, formed an elliptical constellation called "Legs" (奎宿).
**WHAT**

In non-Western astronomy
In traditional Chinese astronomy, nine stars from Andromeda (including Beta Andromedae, Mu Andromedae, and Nu Andromedae), along with seven stars from Pisces, formed an elliptical constellation called "Legs" (奎宿).
**HOW**

This constellation either represented the foot of a walking person or a wild boar.Gamma Andromedae and its neighbors were called "Teen Ta Tseang Keun" (天大将军, heaven's great general), representing honor in astrology and a great general in mythology.Alpha Andromedae and Gamma Pegasi together made "Wall" (壁宿), representing the eastern wall of the imperial palace and/or the emperor's personal library.
**WHAT**

For the Chinese, the northern swath of Andromeda formed a stable for changing horses (tianjiu, 天厩, stable on sky) and the far western part, along with most of Lacerta, became Tengshe, a flying snake.
**WHAT**

For the Chinese, the northern swath of Andromeda formed a stable for changing horses (tianjiu, 天厩, stable on sky) and the far western part, along with most of Lacerta, became Tengshe, a flying snake.
**WHO**

An Arab constellation called "al-Hut" (the fish) was composed of several stars in Andromeda, M31, and several stars in Pisces.
**WHO**

An Arab constellation called "al-Hut" (the fish) was composed of several stars in Andromeda, M31, and several stars in Pisces.
**WHAT**

Hindu legends surrounding Andromeda are similar to the Greek myths.
**WHAT**

Ancient Sanskrit texts depict Antarmada chained to a rock, as in the Greek myth.
**WHAT**

Ancient Sanskrit texts depict Antarmada chained to a rock, as in the Greek myth.
**HOW**

Scholars believe that the Hindu and Greek astrological myths were closely linked; one piece of evidence cited is the similarity between the names "Antarmada" and "Andromeda".
**WHO**

Scholars believe that the Hindu and Greek astrological myths were closely linked; one piece of evidence cited is the similarity between the names "Antarmada" and "Andromeda".
**WHAT**

Andromeda is also associated with the Mesopotamian creation story of Tiamat, the goddess of Chaos.
**WHO**

Andromeda is also associated with the Mesopotamian creation story of Tiamat, the goddess of Chaos.
**WHAT**

She bore many demons for her husband, Apsu, but eventually decided to destroy them in a war that ended when Marduk killed her.
**WHO**

She bore many demons for her husband, Apsu, but eventually decided to destroy them in a war that ended when Marduk killed her.
**WHAT**

She bore many demons for her husband, Apsu, but eventually decided to destroy them in a war that ended when Marduk killed her.
**WHEN**

He used her body to create the constellations as markers of time for humans.
**WHAT**

He used her body to create the constellations as markers of time for humans.
**WHO**

In the Marshall Islands, Andromeda, Cassiopeia, Triangulum, and Aries are incorporated into a constellation representing a porpoise.
**WHAT**

In the Marshall Islands, Andromeda, Cassiopeia, Triangulum, and Aries are incorporated into a constellation representing a porpoise.
**WHERE**

Andromeda's bright stars are mostly in the body of the porpoise; Cassiopeia represents its tail and Aries its head.
**WHAT**

Andromeda's bright stars are mostly in the body of the porpoise; Cassiopeia represents its tail and Aries its head.
**WHERE**

In the Tuamotu islands, Alpha Andromedae was called Takurua-tuki-hanga-ruki and Beta Andromedae was called Piringa-o-Tautu.
**WHERE**

In the Tuamotu islands, Alpha Andromedae was called Takurua-tuki-hanga-ruki and Beta Andromedae was called Piringa-o-Tautu.
**WHAT**

Notable features


Stars

α And (Alpheratz, Sirrah) is the brightest star in this constellation.
**WHAT**

Notable features


Stars

α And (Alpheratz, Sirrah) is the brightest star in this constellation.
**WHERE**

It is an A0p class binary star with an overall apparent visual magnitude of 2.1 and a luminosity of 96 L☉.
**WHAT**

It is 97 light-years from Earth.
**HOW**

It is 97 light-years from Earth.
**WHAT**

It represents Andromeda's head in Western mythology, however, the star's traditional Arabic names – Alpheratz and Sirrah, from the phrase surrat al-faras –  sometimes translated as "navel of the steed".
**WHAT**

It represents Andromeda's head in Western mythology, however, the star's traditional Arabic names – Alpheratz and Sirrah, from the phrase surrat al-faras –  sometimes translated as "navel of the steed".
**HOW**

The Arabic names are a reference to the fact that α And forms an asterism known as the "Great Square of Pegasus" with three stars in Pegasus: α, β, and γ Peg.
**WHAT**

The Arabic names are a reference to the fact that α And forms an asterism known as the "Great Square of Pegasus" with three stars in Pegasus: α, β, and γ Peg.
**HOW**

As such, the star was formerly considered to belong to both Andromeda and Pegasus, and was co-designated as "Delta Pegasi (δ Peg)", although this name is no longer formally used.
**WHAT**

β And (Mirach) is a red-hued giant star of type M0 located in an asterism known as the "girdle".
**WHAT**

β And (Mirach) is a red-hued giant star of type M0 located in an asterism known as the "girdle".
**WHERE**

It is 198 light-years away, has a magnitude of 2.06, and a luminosity of 115 L☉.
**HOW**

It is 198 light-years away, has a magnitude of 2.06, and a luminosity of 115 L☉.
**WHAT**

Its name comes from the Arabic phrase al-Maraqq meaning "the loins" or "the loincloth", a phrase translated from Ptolemy's writing.
**WHAT**

Its name comes from the Arabic phrase al-Maraqq meaning "the loins" or "the loincloth", a phrase translated from Ptolemy's writing.
**WHERE**

Its name comes from the Arabic phrase al-Maraqq meaning "the loins" or "the loincloth", a phrase translated from Ptolemy's writing.
**WHO**

However, β And was mostly considered by the Arabs to be a part of al-Hut, a constellation representing a larger fish than Pisces at Andromeda's feet.
**WHO**

However, β And was mostly considered by the Arabs to be a part of al-Hut, a constellation representing a larger fish than Pisces at Andromeda's feet.
**WHAT**

However, β And was mostly considered by the Arabs to be a part of al-Hut, a constellation representing a larger fish than Pisces at Andromeda's feet.
**WHERE**

γ And (Almach) is an orange-hued bright giant star of type K3 found at the southern tip of the constellation with an overall magnitude of 2.14.
**WHAT**

γ And (Almach) is an orange-hued bright giant star of type K3 found at the southern tip of the constellation with an overall magnitude of 2.14.
**WHERE**

Almach is a multiple star with a yellow primary of magnitude 2.3 and a blue-green secondary of magnitude 5.0, separated by 9.7 arcseconds.
**WHAT**

Almach is a multiple star with a yellow primary of magnitude 2.3 and a blue-green secondary of magnitude 5.0, separated by 9.7 arcseconds.
**HOW**

British astronomer William Herschel said of the star: "[the] striking difference in the colour of the two stars, suggests the idea of a sun and its planet, to which the contrast of their unequal size contributes not a little."
**WHO**

British astronomer William Herschel said of the star: "[the] striking difference in the colour of the two stars, suggests the idea of a sun and its planet, to which the contrast of their unequal size contributes not a little."
**WHAT**

The secondary, described by Herschel as a "fine light sky-blue, inclining to green", is itself a double star, with a secondary of magnitude 6.3 and a period of 61 years.
**WHAT**

The secondary, described by Herschel as a "fine light sky-blue, inclining to green", is itself a double star, with a secondary of magnitude 6.3 and a period of 61 years.
**WHO**

The secondary, described by Herschel as a "fine light sky-blue, inclining to green", is itself a double star, with a secondary of magnitude 6.3 and a period of 61 years.
**HOW**

The system is 358 light-years away.
**HOW**

The system is 358 light-years away.
**WHAT**

Almach was named for the Arabic phrase ʿAnaq al-Ard, which means "the earth-kid", an obtuse reference to an animal that aids a lion in finding prey.
**WHAT**

δ And is an orange-hued giant star of type K3orange giant of magnitude 3.3.
**WHAT**

It is 105 light-years from Earth.
**HOW**

ι And, κ, λ, ο, and ψ And form an asterism known as "Frederick's Glory", a name derived from a former constellation (Frederici Honores).
**WHAT**

ι And is a blue-white hued main-sequence star of type B8, 502 light-years from Earth; κ And is a white-hued main-sequence star of type A0, 168 light-years from Earth; λ And is a yellow-hued giant star of type G8, 86 light-years from Earth; ο And is a blue-white hued giant star of type B6, 679 light-years from Earth; and ψ And is a blue-white hued main-sequence star of type B7, 988 light-years from Earth.
**WHAT**

ι And is a blue-white hued main-sequence star of type B8, 502 light-years from Earth; κ And is a white-hued main-sequence star of type A0, 168 light-years from Earth; λ And is a yellow-hued giant star of type G8, 86 light-years from Earth; ο And is a blue-white hued giant star of type B6, 679 light-years from Earth; and ψ And is a blue-white hued main-sequence star of type B7, 988 light-years from Earth.
**HOW**

μ And is a white-hued main-sequence star of type A5 and magnitude 3.9.
**WHAT**

It is 130 light-years away.
**HOW**

υ And is a magnitude 4.1 binary system that consists of one F-type dwarf and an M-type dwarf.
**WHAT**

The primary star has a planetary system with four confirmed planets, 0.96 times, 14.57 times, 10.19 times and 1.06 the mass of Jupiter.
**WHAT**

The primary star has a planetary system with four confirmed planets, 0.96 times, 14.57 times, 10.19 times and 1.06 the mass of Jupiter.
**HOW**

The system is 44 light-years from Earth.
**HOW**

The system is 44 light-years from Earth.
**WHAT**

ξ And (Adhil) is a binary star 217 light years away.
**WHAT**

ξ And (Adhil) is a binary star 217 light years away.
**HOW**

The primary is an orange-hued giant star of type K0.
**WHAT**

π And is a blue-white hued binary star of magnitude 4.3 that is 598 light-years away.
**WHAT**

π And is a blue-white hued binary star of magnitude 4.3 that is 598 light-years away.
**HOW**

The primary is a main-sequence star of type B5.
**WHAT**

Its companion star is of magnitude 8.9.
**WHAT**

51 And was reassigned by Johann Bayer to neighbouring Perseus, where he designated it "Upsilon Persei (υ Per)", but it was returned to Andromeda by the International Astronomical Union.
**WHO**

51 And was reassigned by Johann Bayer to neighbouring Perseus, where he designated it "Upsilon Persei (υ Per)", but it was returned to Andromeda by the International Astronomical Union.
**WHERE**

51 And was reassigned by Johann Bayer to neighbouring Perseus, where he designated it "Upsilon Persei (υ Per)", but it was returned to Andromeda by the International Astronomical Union.
**WHAT**

It is 177 light-years from Earth and is an orange-hued giant star of type K3.
**HOW**

It is 177 light-years from Earth and is an orange-hued giant star of type K3.
**WHAT**

54 And was a former designation for φ Per.
**WHAT**

56 And is an optical binary star.
**WHAT**

The primary is a yellow-hued giant star of type K0 with an apparent magnitude of 5.7 that is 316 light-years away.
**WHAT**

The primary is a yellow-hued giant star of type K0 with an apparent magnitude of 5.7 that is 316 light-years away.
**HOW**

The secondary is an orange-hued giant star of type K0 and magnitude 5.9 that is 990 light-years from Earth.
**WHAT**

The secondary is an orange-hued giant star of type K0 and magnitude 5.9 that is 990 light-years from Earth.
**HOW**

R And is a Mira-type variable star with a period of 409 days.
**WHAT**

R And is a Mira-type variable star with a period of 409 days.
**HOW**

Its maximum magnitude is 5.8 and its minimum magnitude is 14.8, and it is at a distance of 1250 light-years.
**WHAT**

Its maximum magnitude is 5.8 and its minimum magnitude is 14.8, and it is at a distance of 1250 light-years.
**HOW**

There are 6 other Mira variables in Andromeda.
**HOW**

Z And is the M-type prototype for its class of variable stars.
**WHAT**

It ranges in magnitude from a minimum of 12.4 to a maximum of 8.0.
**WHAT**

It is 2720 light-years away.
**HOW**

Ross 248 (HH Andromedae) is the ninth closest star to Earth at a distance of 10.3 light-years.
**WHAT**

Ross 248 (HH Andromedae) is the ninth closest star to Earth at a distance of 10.3 light-years.
**HOW**

It is a red-hued main-sequence BY Draconis variable star of type M6.
**WHAT**

14 And is a yellow-hued giant star of type G8 that is 251 light-years away.
**WHAT**

It has a mass of 2.2 M☉ and a radius of 11 R☉.
**WHAT**

It has one planet, 14 Andromedae b, discovered in 2008.
**HOW**

It has one planet, 14 Andromedae b, discovered in 2008.
**WHEN**

It has one planet, 14 Andromedae b, discovered in 2008.
**WHAT**

It orbits at a distance of 0.83 astronomical units from its parent star every 186 days and has a mass of 4.3 MJ.
**HOW**

It orbits at a distance of 0.83 astronomical units from its parent star every 186 days and has a mass of 4.3 MJ.
**WHAT**

Deep-sky objects

The constellation of Andromeda lies well away from the galactic plane, so it does not contain any of the open clusters or bright nebulae of the Milky Way.
**WHERE**

Deep-sky objects

The constellation of Andromeda lies well away from the galactic plane, so it does not contain any of the open clusters or bright nebulae of the Milky Way.
**WHY**

Deep-sky objects

The constellation of Andromeda lies well away from the galactic plane, so it does not contain any of the open clusters or bright nebulae of the Milky Way.
**WHAT**

Because of its distance in the sky from the band of obscuring dust, gas, and abundant stars of our home galaxy, Andromeda's borders contain many visible distant galaxies.
**WHY**

Because of its distance in the sky from the band of obscuring dust, gas, and abundant stars of our home galaxy, Andromeda's borders contain many visible distant galaxies.
**WHAT**

The most famous deep-sky object in Andromeda is the spiral galaxy cataloged as Messier 31 (M31) or NGC 224 but known colloquially as the Andromeda Galaxy after for the constellation.
**WHAT**

M31 is one of the most distant objects visible to the naked eye, 2.2 million light-years from Earth (estimates range up to 2.5 million light-years); it is seen under a dark, transparent sky as a hazy patch in the north of the constellation.
**HOW**

M31 is one of the most distant objects visible to the naked eye, 2.2 million light-years from Earth (estimates range up to 2.5 million light-years); it is seen under a dark, transparent sky as a hazy patch in the north of the constellation.
**WHERE**

M31 is the largest neighboring galaxy to the Milky Way and the largest member of the Local Group of galaxies.
**WHAT**

In absolute terms, M31 is approximately 200,000 light-years in diameter, twice the size of the Milky Way.
**HOW**

It is an enormous – 192.4 by 62.2 arcminutes in apparent size – barred spiral galaxy similar in form to the Milky Way and at an approximate magnitude of 3.5, is one of the brightest deep-sky objects in the northern sky.
**WHAT**

It is an enormous – 192.4 by 62.2 arcminutes in apparent size – barred spiral galaxy similar in form to the Milky Way and at an approximate magnitude of 3.5, is one of the brightest deep-sky objects in the northern sky.
**WHERE**

It is an enormous – 192.4 by 62.2 arcminutes in apparent size – barred spiral galaxy similar in form to the Milky Way and at an approximate magnitude of 3.5, is one of the brightest deep-sky objects in the northern sky.
**HOW**

Despite being visible to the naked eye, the "little cloud" near Andromeda's figure was not recorded until 964 C.E., when the Arab astronomer al-Sufi wrote his Book of Fixed Stars.
**WHEN**

Despite being visible to the naked eye, the "little cloud" near Andromeda's figure was not recorded until 964 C.E., when the Arab astronomer al-Sufi wrote his Book of Fixed Stars.
**WHO**

Despite being visible to the naked eye, the "little cloud" near Andromeda's figure was not recorded until 964 C.E., when the Arab astronomer al-Sufi wrote his Book of Fixed Stars.
**WHAT**

M31 was first observed telescopically shortly after its invention, by Simon Marius in 1612.
**WHEN**

M31 was first observed telescopically shortly after its invention, by Simon Marius in 1612.
**WHO**

M31 was first observed telescopically shortly after its invention, by Simon Marius in 1612.
**WHAT**

M31 is often referred to as a twin sister to the Milky Way, but it has only half the mass of the Milky Way despite being twice its diameter.
**WHAT**

M31 is often referred to as a twin sister to the Milky Way, but it has only half the mass of the Milky Way despite being twice its diameter.
**HOW**

The futures of the Andromeda and Milky Way galaxies may be interlinked: in about five billion years, the two could potentially begin an Andromeda–Milky Way collision that would spark extensive new star formation.
**WHAT**

The futures of the Andromeda and Milky Way galaxies may be interlinked: in about five billion years, the two could potentially begin an Andromeda–Milky Way collision that would spark extensive new star formation.
**WHEN**

American astronomer Edwin Hubble included M31 (then known as the Andromeda Nebula) in his groundbreaking 1923 research on galaxies.
**WHO**

American astronomer Edwin Hubble included M31 (then known as the Andromeda Nebula) in his groundbreaking 1923 research on galaxies.
**WHAT**

American astronomer Edwin Hubble included M31 (then known as the Andromeda Nebula) in his groundbreaking 1923 research on galaxies.
**WHEN**

Using the 100-inch Hooker Telescope at Mount Wilson Observatory in California, he observed Cepheid variable stars in M31 during a search for novae, allowing him to determine their distance by using the stars as standard candles.
**WHAT**

Using the 100-inch Hooker Telescope at Mount Wilson Observatory in California, he observed Cepheid variable stars in M31 during a search for novae, allowing him to determine their distance by using the stars as standard candles.
**WHERE**

Using the 100-inch Hooker Telescope at Mount Wilson Observatory in California, he observed Cepheid variable stars in M31 during a search for novae, allowing him to determine their distance by using the stars as standard candles.
**WHO**

Using the 100-inch Hooker Telescope at Mount Wilson Observatory in California, he observed Cepheid variable stars in M31 during a search for novae, allowing him to determine their distance by using the stars as standard candles.
**HOW**

The distance he found was far greater than the size of the Milky Way, which led him to the conclusion that many similar objects were "island universes" on their own.
**WHAT**

The distance he found was far greater than the size of the Milky Way, which led him to the conclusion that many similar objects were "island universes" on their own.
**WHO**

The distance he found was far greater than the size of the Milky Way, which led him to the conclusion that many similar objects were "island universes" on their own.
**WHY**

Hubble originally estimated that the Andromeda Galaxy was 900,000 light-years away, but Ernst Öpik's estimate in 1925 put the distance closer to 1.5 million light-years.
**WHO**

Hubble originally estimated that the Andromeda Galaxy was 900,000 light-years away, but Ernst Öpik's estimate in 1925 put the distance closer to 1.5 million light-years.
**WHAT**

Hubble originally estimated that the Andromeda Galaxy was 900,000 light-years away, but Ernst Öpik's estimate in 1925 put the distance closer to 1.5 million light-years.
**HOW**

The Andromeda Galaxy's two main companions, M32 and M110 (also known as NGC 221 and NGC 205, respectively) are faint elliptical galaxies that lie near it.
**WHAT**

The Andromeda Galaxy's two main companions, M32 and M110 (also known as NGC 221 and NGC 205, respectively) are faint elliptical galaxies that lie near it.
**WHERE**

M32, visible with a far smaller size of 8.7 by 6.4 arcminutes, compared to M110, appears superimposed on the larger galaxy in a telescopic view as a hazy smudge, M110 also appears slightly larger and distinct from the larger galaxy; M32 is 0.5° south of the core, M32 is 1° northwest of the core.
**WHAT**

M32, visible with a far smaller size of 8.7 by 6.4 arcminutes, compared to M110, appears superimposed on the larger galaxy in a telescopic view as a hazy smudge, M110 also appears slightly larger and distinct from the larger galaxy; M32 is 0.5° south of the core, M32 is 1° northwest of the core.
**HOW**

M32, visible with a far smaller size of 8.7 by 6.4 arcminutes, compared to M110, appears superimposed on the larger galaxy in a telescopic view as a hazy smudge, M110 also appears slightly larger and distinct from the larger galaxy; M32 is 0.5° south of the core, M32 is 1° northwest of the core.
**WHERE**

M32 was discovered in 1749 by French astronomer Guillaume Le Gentil and has since been found to lie closer to Earth than the Andromeda Galaxy itself.
**WHEN**

M32 was discovered in 1749 by French astronomer Guillaume Le Gentil and has since been found to lie closer to Earth than the Andromeda Galaxy itself.
**WHO**

M32 was discovered in 1749 by French astronomer Guillaume Le Gentil and has since been found to lie closer to Earth than the Andromeda Galaxy itself.
**WHAT**

It is viewable in binoculars from a dark site owing to its high surface brightness of 10.1 and overall magnitude of 9.0.
**WHY**

It is viewable in binoculars from a dark site owing to its high surface brightness of 10.1 and overall magnitude of 9.0.
**WHAT**

M110 is classified as either a dwarf spheroidal galaxy or simply a generic elliptical galaxy.
**WHAT**

It is far fainter than M31 and M32, but larger than M42 with a surface brightness of 13.2, magnitude of 8.9, and size of 21.9 by 10.9 arcminutes.
**HOW**

It is far fainter than M31 and M32, but larger than M42 with a surface brightness of 13.2, magnitude of 8.9, and size of 21.9 by 10.9 arcminutes.
**WHAT**

The Andromeda Galaxy has a total of 15 satellite galaxies, including M32 and M110.
**HOW**

The Andromeda Galaxy has a total of 15 satellite galaxies, including M32 and M110.
**WHAT**

Nine of these lie in a plane, which has caused astronomers to infer that they have a common origin.
**HOW**

Nine of these lie in a plane, which has caused astronomers to infer that they have a common origin.
**WHY**

Nine of these lie in a plane, which has caused astronomers to infer that they have a common origin.
**WHAT**

These satellite galaxies, like the satellites of the Milky Way, tend to be older, gas-poor dwarf elliptical and dwarf spheroidal galaxies.
**WHAT**

Along with the Andromeda Galaxy and its companions, the constellation also features NGC 891 (Caldwell 23), a smaller galaxy just east of Almach.
**WHAT**

Along with the Andromeda Galaxy and its companions, the constellation also features NGC 891 (Caldwell 23), a smaller galaxy just east of Almach.
**WHERE**

It is a barred spiral galaxy seen edge-on, with a dark dust lane visible down the middle.
**WHAT**

NGC 891 is incredibly faint and small despite its magnitude of 9.9, as its surface brightness of 14.6 indicates; it is 13.5 by 2.8 arcminutes in size.
**WHAT**

NGC 891 is incredibly faint and small despite its magnitude of 9.9, as its surface brightness of 14.6 indicates; it is 13.5 by 2.8 arcminutes in size.
**HOW**

NGC 891 was discovered by the brother-and-sister team of William and Caroline Herschel in August 1783.
**WHAT**

NGC 891 was discovered by the brother-and-sister team of William and Caroline Herschel in August 1783.
**WHO**

NGC 891 was discovered by the brother-and-sister team of William and Caroline Herschel in August 1783.
**WHEN**

This galaxy is at an approximate distance of 30 million light years from Earth, calculated from its redshift of 0.002.
**HOW**

This galaxy is at an approximate distance of 30 million light years from Earth, calculated from its redshift of 0.002.
**WHAT**

Andromeda's most celebrated open cluster is NGC 752 (Caldwell 28) at an overall magnitude of 5.7.
**WHAT**

It is a loosely scattered cluster in the Milky Way that measures 49 arcminutes across and features approximately twelve bright stars, although more than 60 stars of approximately 9th magnitude become visible at low magnifications in a telescope.
**WHAT**

It is a loosely scattered cluster in the Milky Way that measures 49 arcminutes across and features approximately twelve bright stars, although more than 60 stars of approximately 9th magnitude become visible at low magnifications in a telescope.
**HOW**

It is a loosely scattered cluster in the Milky Way that measures 49 arcminutes across and features approximately twelve bright stars, although more than 60 stars of approximately 9th magnitude become visible at low magnifications in a telescope.
**WHEN**

It is considered to be one of the more inconspicuous open clusters.
**WHAT**

The other open cluster in Andromeda is NGC 7686, which has a similar magnitude of 5.6 and is also a part of the Milky Way.
**WHAT**

It contains approximately 20 stars in a diameter of 15 arcminutes, making it a tighter cluster than NGC 752.
**WHAT**

It contains approximately 20 stars in a diameter of 15 arcminutes, making it a tighter cluster than NGC 752.
**HOW**

It contains approximately 20 stars in a diameter of 15 arcminutes, making it a tighter cluster than NGC 752.
**WHY**

There is one prominent planetary nebula in Andromeda: NGC 7662 (Caldwell 22).
**WHAT**

Lying approximately three degrees southwest of Iota Andromedae at a distance of about 4,000 light-years from Earth, the "Blue Snowball Nebula" is a popular target for amateur astronomers.
**WHERE**

Lying approximately three degrees southwest of Iota Andromedae at a distance of about 4,000 light-years from Earth, the "Blue Snowball Nebula" is a popular target for amateur astronomers.
**HOW**

Lying approximately three degrees southwest of Iota Andromedae at a distance of about 4,000 light-years from Earth, the "Blue Snowball Nebula" is a popular target for amateur astronomers.
**WHAT**

Lying approximately three degrees southwest of Iota Andromedae at a distance of about 4,000 light-years from Earth, the "Blue Snowball Nebula" is a popular target for amateur astronomers.
**WHO**

It earned its popular name because it appears as a faint, round, blue-green object in a telescope, with an overall magnitude of 9.2.
**HOW**

It earned its popular name because it appears as a faint, round, blue-green object in a telescope, with an overall magnitude of 9.2.
**WHAT**

Upon further magnification, it is visible as a slightly elliptical annular disk that gets darker towards the center, with a magnitude 13.2 central star.
**WHEN**

Upon further magnification, it is visible as a slightly elliptical annular disk that gets darker towards the center, with a magnitude 13.2 central star.
**WHAT**

The nebula has an overall magnitude of 9.2 and is 20 by 130 arcseconds in size.
**WHAT**

The nebula has an overall magnitude of 9.2 and is 20 by 130 arcseconds in size.
**HOW**

Meteor showers
Each November, the Andromedids meteor shower appears to radiate from Andromeda.
**WHEN**

Meteor showers
Each November, the Andromedids meteor shower appears to radiate from Andromeda.
**WHERE**

Meteor showers
Each November, the Andromedids meteor shower appears to radiate from Andromeda.
**WHAT**

The shower peaks in mid-to-late November every year, but has a low peak rate of fewer than two meteors per hour.
**WHEN**

The shower peaks in mid-to-late November every year, but has a low peak rate of fewer than two meteors per hour.
**HOW**

The shower peaks in mid-to-late November every year, but has a low peak rate of fewer than two meteors per hour.
**WHAT**

Astronomers have often associated the Andromedids with Biela's Comet, which was destroyed in the 19th century, but that connection is disputed.
**WHAT**

Astronomers have often associated the Andromedids with Biela's Comet, which was destroyed in the 19th century, but that connection is disputed.
**WHEN**

Andromedid meteors are known for being very slow and the shower itself is considered to be diffuse, as meteors can be seen coming from nearby constellations as well as Andromeda itself.
**HOW**

Andromedid meteors are known for being very slow and the shower itself is considered to be diffuse, as meteors can be seen coming from nearby constellations as well as Andromeda itself.
**WHY**

Andromedid meteors sometimes appear as red fireballs.
**WHAT**

The Andromedids were associated with the most spectacular meteor showers of the 19th century; the storms of 1872 and 1885 were estimated to have a peak rate of two meteors per second (a zenithal hourly rate of 10,000), prompting one Chinese astronomer to compare the meteors to falling rain.
**WHO**

The Andromedids were associated with the most spectacular meteor showers of the 19th century; the storms of 1872 and 1885 were estimated to have a peak rate of two meteors per second (a zenithal hourly rate of 10,000), prompting one Chinese astronomer to compare the meteors to falling rain.
**WHEN**

The Andromedids were associated with the most spectacular meteor showers of the 19th century; the storms of 1872 and 1885 were estimated to have a peak rate of two meteors per second (a zenithal hourly rate of 10,000), prompting one Chinese astronomer to compare the meteors to falling rain.
**WHAT**

The Andromedids had another outburst on December 3-5, 2011, the most active shower since 1885, with a maximum zenithal hourly rate of 50 meteors per hour.
**WHEN**

The Andromedids had another outburst on December 3-5, 2011, the most active shower since 1885, with a maximum zenithal hourly rate of 50 meteors per hour.
**WHAT**

The 2011 outburst was linked to ejecta from Comet Biela, which passed close to the Sun in 1649.
**WHAT**

The 2011 outburst was linked to ejecta from Comet Biela, which passed close to the Sun in 1649.
**WHEN**

None of the meteoroids observed were associated with material from the comet's 1846 disintegration.
**HOW**

The observers of the 2011 outburst predicted outbursts in 2018, 2023, and 2036.
**WHO**

The observers of the 2011 outburst predicted outbursts in 2018, 2023, and 2036.
**WHEN**

