: /ˈliːoʊ/) is one of the constellations of the zodiac, lying between Cancer to the west and Virgo to the east.
**WHAT**

: /ˈliːoʊ/) is one of the constellations of the zodiac, lying between Cancer to the west and Virgo to the east.
**WHERE**

Its name is Latin for lion.
**WHAT**

One of the 48 constellations described by the 2nd century astronomer Ptolemy, Leo remains one of the 88 modern constellations today.
**WHO**

Notable features


Stars

Leo contains many bright stars.
**WHAT**

Regulus, designated Aplha Leonis, is a blue-white main-sequence star of magnitude 1.4, 77.5 light-years from Earth.
**WHAT**

Regulus, designated Aplha Leonis, is a blue-white main-sequence star of magnitude 1.4, 77.5 light-years from Earth.
**HOW**

It is a double star divisible in binoculars, with a secondary of magnitude 7.7.
**WHAT**

It is a double star divisible in binoculars, with a secondary of magnitude 7.7.
**HOW**

Its traditional name (Regulus) means "the little king".
**WHAT**

Beta Leonis, called Denebola, is at the opposite end of the constellation to Regulus.
**WHAT**

Beta Leonis, called Denebola, is at the opposite end of the constellation to Regulus.
**WHERE**

It is a blue-white star of magnitude 2.1, 36 light-years from Earth.
**WHAT**

It is a blue-white star of magnitude 2.1, 36 light-years from Earth.
**HOW**

The name Denebola means "the lion's tail".
**WHAT**

Algieba, Gamma Leonis, is a binary star with a third optical component; the primary and secondary are divisible in small telescopes and the tertiary is visible in binoculars.
**WHAT**

Algieba, Gamma Leonis, is a binary star with a third optical component; the primary and secondary are divisible in small telescopes and the tertiary is visible in binoculars.
**WHEN**

Algieba, Gamma Leonis, is a binary star with a third optical component; the primary and secondary are divisible in small telescopes and the tertiary is visible in binoculars.
**HOW**

The primary is a gold-yellow giant star of magnitude 2.3 and the secondary is similar but at magnitude 3.6; they have a period of 600 years and are 126 light-years from Earth.
**WHAT**

The primary is a gold-yellow giant star of magnitude 2.3 and the secondary is similar but at magnitude 3.6; they have a period of 600 years and are 126 light-years from Earth.
**HOW**

The unrelated tertiary, 40 Leonis, is a yellow-tinged star of magnitude 4.8.
**WHAT**

Its traditional name, Algieba, means "the forehead".
**WHAT**

Delta Leonis, called Zosma, is a blue-white star of magnitude 2.6, 58 light-years from Earth.
**WHAT**

Delta Leonis, called Zosma, is a blue-white star of magnitude 2.6, 58 light-years from Earth.
**HOW**

Epsilon Leonis is a yellow giant of magnitude 3.0, 251 light-years from Earth.
**WHAT**

Epsilon Leonis is a yellow giant of magnitude 3.0, 251 light-years from Earth.
**HOW**

There are several other bright double and binary stars in Leo.
**YN**

Zeta Leonis, called Adhafera, is an optical triple star.
**WHAT**

The brightest and only star designated Zeta Leonis, is a white giant star of magnitude 3.4, 260 light-years from Earth.
**WHAT**

The brightest and only star designated Zeta Leonis, is a white giant star of magnitude 3.4, 260 light-years from Earth.
**HOW**

The second brightest, 39 Leonis, is widely spaced to the south and of magnitude 5.8.
**WHAT**

The second brightest, 39 Leonis, is widely spaced to the south and of magnitude 5.8.
**WHERE**

The second brightest, 39 Leonis, is widely spaced to the south and of magnitude 5.8.
**HOW**

35 Leonis is to the north and of magnitude 6.0.
**WHERE**

Iota Leonis is a binary star divisible in medium amateur telescopes; they are divisible in small amateur telescopes at their widest (2053-2063).
**WHAT**

Iota Leonis is a binary star divisible in medium amateur telescopes; they are divisible in small amateur telescopes at their widest (2053-2063).
**WHEN**

Iota Leonis is a binary star divisible in medium amateur telescopes; they are divisible in small amateur telescopes at their widest (2053-2063).
**HOW**

To the unaided eye, Iota Leonis appears to be a yellow-tinged star of magnitude 4.0.
**WHAT**

To the unaided eye, Iota Leonis appears to be a yellow-tinged star of magnitude 4.0.
**WHEN**

To the unaided eye, Iota Leonis appears to be a yellow-tinged star of magnitude 4.0.
**HOW**

The system, 79 light-years from Earth, has components of magnitude 4.1 and 6.7 with a period of 183.
**WHAT**

The system, 79 light-years from Earth, has components of magnitude 4.1 and 6.7 with a period of 183.
**HOW**

Tau Leonis is a double star divisible in binoculars.
**WHAT**

Tau Leonis is a double star divisible in binoculars.
**WHEN**

The primary is a yellow giant of magnitude 5.0, 621 light-years from Earth.
**WHAT**

The primary is a yellow giant of magnitude 5.0, 621 light-years from Earth.
**HOW**

The secondary is a star of magnitude 8.
**WHAT**

The secondary is a star of magnitude 8.
**HOW**

54 Leonis is a binary star 289 light-years from Earth, divisible in small telescopes.
**WHAT**

54 Leonis is a binary star 289 light-years from Earth, divisible in small telescopes.
**WHEN**

54 Leonis is a binary star 289 light-years from Earth, divisible in small telescopes.
**HOW**

The primary is a blue-white star of magnitude 4.5 and the secondary is a blue-white star of magnitude 6.3.
**WHAT**

The primary is a blue-white star of magnitude 4.5 and the secondary is a blue-white star of magnitude 6.3.
**HOW**

The other named stars in Leo are Mu Leonis, Rasalas; and Theta Leonis, Chertan.
**WHAT**

The other named stars in Leo are Mu Leonis, Rasalas; and Theta Leonis, Chertan.
**WHERE**

Leo is also home to one bright variable star, the red giant R Leonis.
**WHAT**

Leo is also home to one bright variable star, the red giant R Leonis.
**WHERE**

It is a Mira variable with a minimum magnitude of 10 and normal maximum magnitude of 6; it periodically brightens to magnitude 4.4.
**WHAT**

It is a Mira variable with a minimum magnitude of 10 and normal maximum magnitude of 6; it periodically brightens to magnitude 4.4.
**HOW**

R Leonis, 330 light-years from Earth, has a period of 310 days and a diameter of 450 solar diameters.
**WHAT**

R Leonis, 330 light-years from Earth, has a period of 310 days and a diameter of 450 solar diameters.
**HOW**

The star Wolf 359 (CN Leonis), one of the nearest stars to Earth at 7.8 light-years away, is in Leo.
**WHAT**

The star Wolf 359 (CN Leonis), one of the nearest stars to Earth at 7.8 light-years away, is in Leo.
**WHERE**

The star Wolf 359 (CN Leonis), one of the nearest stars to Earth at 7.8 light-years away, is in Leo.
**HOW**

Wolf 359 is a red dwarf of magnitude 13.5; it periodically brightens by one magnitude or less because it is a flare star.Gliese 436, a faint star in Leo about 33 light years away from the Sun, is orbited by a transiting Neptune-mass extrasolar planet.
**WHAT**

Wolf 359 is a red dwarf of magnitude 13.5; it periodically brightens by one magnitude or less because it is a flare star.Gliese 436, a faint star in Leo about 33 light years away from the Sun, is orbited by a transiting Neptune-mass extrasolar planet.
**HOW**

Wolf 359 is a red dwarf of magnitude 13.5; it periodically brightens by one magnitude or less because it is a flare star.Gliese 436, a faint star in Leo about 33 light years away from the Sun, is orbited by a transiting Neptune-mass extrasolar planet.
**WHY**

The carbon star CW Leo (IRC +10216) is the brightest star in the night sky at the infrared N-band (10 μm wavelength).
**WHAT**

The carbon star CW Leo (IRC +10216) is the brightest star in the night sky at the infrared N-band (10 μm wavelength).
**WHEN**

The star SDSS J102915+172927 (Caffau's star) is a population II star in the galactic halo seen in Leo.
**WHAT**

The star SDSS J102915+172927 (Caffau's star) is a population II star in the galactic halo seen in Leo.
**WHERE**

It is about 13 billion years old, making it one of the oldest stars in the Galaxy.
**HOW**

It has the lowest metallicity of any known star.
**WHAT**

It has the lowest metallicity of any known star.
**HOW**

Deep-sky objects
Leo contains many bright galaxies; Messier 65, Messier 66, Messier 95, Messier 96, Messier 105, and NGC 3628 are the most famous, the first two being part of the Leo Triplet.
**WHAT**

Deep-sky objects
Leo contains many bright galaxies; Messier 65, Messier 66, Messier 95, Messier 96, Messier 105, and NGC 3628 are the most famous, the first two being part of the Leo Triplet.
**WHERE**

The Leo Ring, a cloud of hydrogen and helium gas, is found in orbit of two galaxies found within this constellation.
**WHAT**

The Leo Ring, a cloud of hydrogen and helium gas, is found in orbit of two galaxies found within this constellation.
**WHERE**

M66 is a spiral galaxy that is part of the Leo Triplet, whose other two members are M65 and NGC 3628.
**WHAT**

It is at a distance of 37 million light-years and has a somewhat distorted shape due to gravitational interactions with the other members of the Triplet, which are pulling stars away from M66.
**WHAT**

It is at a distance of 37 million light-years and has a somewhat distorted shape due to gravitational interactions with the other members of the Triplet, which are pulling stars away from M66.
**HOW**

It is at a distance of 37 million light-years and has a somewhat distorted shape due to gravitational interactions with the other members of the Triplet, which are pulling stars away from M66.
**WHY**

Eventually, the outermost stars may form a dwarf galaxy orbiting M66.
**WHAT**

Both M65 and M66 are visible in large binoculars or small telescopes, but their concentrated nuclei and elongation are only visible in large amateur instruments.
**WHAT**

Both M65 and M66 are visible in large binoculars or small telescopes, but their concentrated nuclei and elongation are only visible in large amateur instruments.
**WHEN**

M95 and M96 are both spiral galaxies 20 million light-years from Earth.
**WHAT**

M95 and M96 are both spiral galaxies 20 million light-years from Earth.
**HOW**

Though they are visible as fuzzy objects in small telescopes, their structure is only visible in larger instruments.
**WHEN**

M95 is a barred spiral galaxy.
**WHAT**

M105 is about a degree away from the M95/M96 pair; it is an elliptical galaxy of the 9th magnitude, also about 20 million light-years from Earth.
**WHAT**

M105 is about a degree away from the M95/M96 pair; it is an elliptical galaxy of the 9th magnitude, also about 20 million light-years from Earth.
**WHERE**

M105 is about a degree away from the M95/M96 pair; it is an elliptical galaxy of the 9th magnitude, also about 20 million light-years from Earth.
**HOW**

NGC 2903 is a barred spiral galaxy discovered by William Herschel in 1784.
**WHO**

NGC 2903 is a barred spiral galaxy discovered by William Herschel in 1784.
**WHAT**

NGC 2903 is a barred spiral galaxy discovered by William Herschel in 1784.
**WHEN**

It is very similar in size and shape to the Milky Way and is located 25 million light-years from Earth.
**WHAT**

It is very similar in size and shape to the Milky Way and is located 25 million light-years from Earth.
**WHERE**

It is very similar in size and shape to the Milky Way and is located 25 million light-years from Earth.
**HOW**

In its core, NGC 2903 has many "hotspots", which have been found to be near regions of star formation.
**WHAT**

In its core, NGC 2903 has many "hotspots", which have been found to be near regions of star formation.
**WHERE**

The star formation in this region is thought to be due to the presence of the dusty bar, which sends shock waves through its rotation to an area with a diameter of 2,000 light-years.
**WHAT**

The star formation in this region is thought to be due to the presence of the dusty bar, which sends shock waves through its rotation to an area with a diameter of 2,000 light-years.
**HOW**

The star formation in this region is thought to be due to the presence of the dusty bar, which sends shock waves through its rotation to an area with a diameter of 2,000 light-years.
**WHY**

The outskirts of the galaxy have many young open clusters.
**WHAT**

The outskirts of the galaxy have many young open clusters.
**WHERE**

The Huge-LQG, the largest known structure in the universe is found in Leo.
**WHAT**

The Huge-LQG, the largest known structure in the universe is found in Leo.
**WHERE**

Meteor showers
The Leonids occur in November, peaking on November 14–15, and have a radiant close to Gamma Leonis.
**WHEN**

Meteor showers
The Leonids occur in November, peaking on November 14–15, and have a radiant close to Gamma Leonis.
**WHERE**

Its parent body is Comet Tempel-Tuttle, which causes significant outbursts every 35 years.
**WHAT**

Its parent body is Comet Tempel-Tuttle, which causes significant outbursts every 35 years.
**WHEN**

The normal peak rate is approximately 10 meteors per hour.
**WHAT**

The normal peak rate is approximately 10 meteors per hour.
**HOW**

The January Leonids are a minor shower that peaks between January 1 and 7.
**WHAT**

The January Leonids are a minor shower that peaks between January 1 and 7.
**WHEN**

History and mythology
Leo was one of the earliest recognized constellations, with archaeological evidence that the Mesopotamians had a similar constellation as early as 4000 BCE.
**WHO**

History and mythology
Leo was one of the earliest recognized constellations, with archaeological evidence that the Mesopotamians had a similar constellation as early as 4000 BCE.
**WHEN**

History and mythology
Leo was one of the earliest recognized constellations, with archaeological evidence that the Mesopotamians had a similar constellation as early as 4000 BCE.
**WHAT**

The Persians called Leo Ser or Shir; the Turks, Artan; the Syrians, Aryo; the Jewish, Arye; the Indians, Simha, all meaning "lion".
**WHO**

The Persians called Leo Ser or Shir; the Turks, Artan; the Syrians, Aryo; the Jewish, Arye; the Indians, Simha, all meaning "lion".
**WHAT**

In Babylonian astronomy, the constellation was called UR.GU.LA, the "Great Lion"; the bright star Regulus was known as "the star that stands at the Lion's breast."
**WHAT**

In Babylonian astronomy, the constellation was called UR.GU.LA, the "Great Lion"; the bright star Regulus was known as "the star that stands at the Lion's breast."
**WHERE**

Regulus also had distinctly regal associations, as it was known as the King Star.
**WHAT**

Regulus also had distinctly regal associations, as it was known as the King Star.
**WHY**

In Greek mythology, Leo was identified as the Nemean Lion which was killed by Hercules during one of his twelve labours, and subsequently put into the sky.
**WHO**

In Greek mythology, Leo was identified as the Nemean Lion which was killed by Hercules during one of his twelve labours, and subsequently put into the sky.
**WHEN**

In Greek mythology, Leo was identified as the Nemean Lion which was killed by Hercules during one of his twelve labours, and subsequently put into the sky.
**WHAT**

In Greek mythology, Leo was identified as the Nemean Lion which was killed by Hercules during one of his twelve labours, and subsequently put into the sky.
**WHERE**

The Roman poet Ovid called it Herculeus Leo and Violentus Leo.
**WHO**

The Roman poet Ovid called it Herculeus Leo and Violentus Leo.
**WHAT**

Bacchi Sidus (star of Bacchus) was another of its titles, the god Bacchus always being identified with this animal.
**WHAT**

Bacchi Sidus (star of Bacchus) was another of its titles, the god Bacchus always being identified with this animal.
**WHO**

Bacchi Sidus (star of Bacchus) was another of its titles, the god Bacchus always being identified with this animal.
**WHY**

However, Manilius called it Jovis et Junonis Sidus (Star of Jupiter and Juno).
**WHO**

However, Manilius called it Jovis et Junonis Sidus (Star of Jupiter and Juno).
**WHAT**

Early Hindu astronomers knew it as Asleha and as Sinha, the Tamil Simham.
**WHO**

Early Hindu astronomers knew it as Asleha and as Sinha, the Tamil Simham.
**WHAT**

Astrology

As of 2002[update], the Sun appeared in the constellation Leo from August 10 to Sept 10.
**WHEN**

Astrology

As of 2002[update], the Sun appeared in the constellation Leo from August 10 to Sept 10.
**WHAT**

Astrology

As of 2002[update], the Sun appeared in the constellation Leo from August 10 to Sept 10.
**WHERE**

In tropical astrology, the Sun is considered to be in the sign Leo from July 23 to August 23, and in sidereal astrology, from August 16 to September 15.
**WHAT**

In tropical astrology, the Sun is considered to be in the sign Leo from July 23 to August 23, and in sidereal astrology, from August 16 to September 15.
**WHEN**

In tropical astrology, the Sun is considered to be in the sign Leo from July 23 to August 23, and in sidereal astrology, from August 16 to September 15.
**WHERE**

Visualizations

Leo is commonly represented as if the sickle-shaped asterism of stars is the back of the Lion's head.
**WHAT**

The sickle is marked by six stars: Epsilon Leonis, Mu Leonis, Zeta Leonis, Gamma Leonis, Eta Leonis, and Alpha Leonis.
**WHAT**

The lion's tail is marked by Beta Leonis (Denebola) and the rest of his body is delineated by Delta Leonis and Theta Leonis.
**WHAT**

Rey has suggested an alternative way to connect the stars, which graphically shows a lion walking.
**WHO**

Rey has suggested an alternative way to connect the stars, which graphically shows a lion walking.
**WHY**

Rey has suggested an alternative way to connect the stars, which graphically shows a lion walking.
**WHAT**

The stars delta Leonis, gamma Leonis, eta Leonis, and theta Leonis form the body of the lion, with gamma Leonis being of the second magnitude and delta Leonis and theta Leonis being of the third magnitude.
**WHAT**

The stars gamma Leonis, zeta Leonis, mu Leonis, epsilon Leonis, and eta Leonis form the lion's neck, with epsilon Leonis being of the third magnitude.
**WHAT**

The stars mu Leonis, kappa Leonis, lambda Leonis, and epsilon Leonis form the head of the lion.
**WHAT**

Delta Leonis and beta Leonis form the lion's tail: beta Leonis, also known as Denebola, is the bright tip of the tail with a magnitude of two.
**WHAT**

The stars theta Leonis, iota Leonis, and sigma Leonis form the left hind leg of the lion, with sigma Leonis being the foot.
**WHAT**

The stars theta Leonis and rho Leonis form the right hind leg, with rho Leonis being the foot.
**WHAT**

The stars eta Leonis and alpha Leonis mark the lion's heart, with alpha Leonis, also known as Regulus, being the bright star of magnitude one.
**WHAT**

The stars eta Leonis and omicron Leonis form the right front foot of the Lion.
**WHAT**

Namesakes
USS Leonis (AK-128) was a United States Navy Crater class cargo ship named after the Latin version of this constellation name.
**WHAT**

