The Artist (film)


The Artist is a 2011 Frenchromantic comedy-drama film in the style of a black-and-white silent film.
**WHAT**

The Artist (film)


The Artist is a 2011 Frenchromantic comedy-drama film in the style of a black-and-white silent film.
**WHEN**

The Artist (film)


The Artist is a 2011 Frenchromantic comedy-drama film in the style of a black-and-white silent film.
**HOW**

The film was written and directed by Michel Hazanavicius and stars Jean Dujardin and Bérénice Bejo.
**WHO**

The story takes place in Hollywood, between 1927 and 1932, and focuses on the relationship of an older silent film star and a rising young actress as silent cinema falls out of fashion and is replaced by the "talkies".
**WHEN**

The story takes place in Hollywood, between 1927 and 1932, and focuses on the relationship of an older silent film star and a rising young actress as silent cinema falls out of fashion and is replaced by the "talkies".
**WHERE**

The story takes place in Hollywood, between 1927 and 1932, and focuses on the relationship of an older silent film star and a rising young actress as silent cinema falls out of fashion and is replaced by the "talkies".
**WHAT**

The story takes place in Hollywood, between 1927 and 1932, and focuses on the relationship of an older silent film star and a rising young actress as silent cinema falls out of fashion and is replaced by the "talkies".
**WHO**

The Artist received strongly positive reviews from critics and won many accolades.
**HOW**

The Artist received strongly positive reviews from critics and won many accolades.
**WHAT**

The Artist received strongly positive reviews from critics and won many accolades.
**WHO**

Dujardin won the Best Actor Award at the 2011 Cannes Film Festival, where the film premiered.
**WHO**

Dujardin won the Best Actor Award at the 2011 Cannes Film Festival, where the film premiered.
**WHAT**

Dujardin won the Best Actor Award at the 2011 Cannes Film Festival, where the film premiered.
**WHEN**

Dujardin won the Best Actor Award at the 2011 Cannes Film Festival, where the film premiered.
**WHERE**

The film was nominated for six Golden Globes, the most of any 2011 film, and won three: Best Motion Picture – Musical or Comedy, Best Original Score, and Best Actor – Motion Picture Musical or Comedy for Dujardin.
**WHAT**

The film was nominated for six Golden Globes, the most of any 2011 film, and won three: Best Motion Picture – Musical or Comedy, Best Original Score, and Best Actor – Motion Picture Musical or Comedy for Dujardin.
**HOW**

The film was nominated for six Golden Globes, the most of any 2011 film, and won three: Best Motion Picture – Musical or Comedy, Best Original Score, and Best Actor – Motion Picture Musical or Comedy for Dujardin.
**WHO**

In January 2012, the film was nominated for twelve BAFTAs, also the most of any film from 2011, and won seven, including Best Film, Best Director and Best Original Screenplay for Hazanavicius, and Best Actor for Dujardin.
**WHEN**

In January 2012, the film was nominated for twelve BAFTAs, also the most of any film from 2011, and won seven, including Best Film, Best Director and Best Original Screenplay for Hazanavicius, and Best Actor for Dujardin.
**WHAT**

In January 2012, the film was nominated for twelve BAFTAs, also the most of any film from 2011, and won seven, including Best Film, Best Director and Best Original Screenplay for Hazanavicius, and Best Actor for Dujardin.
**HOW**

In January 2012, the film was nominated for twelve BAFTAs, also the most of any film from 2011, and won seven, including Best Film, Best Director and Best Original Screenplay for Hazanavicius, and Best Actor for Dujardin.
**WHO**

It was nominated for ten Academy Awards and won five, including Best Picture, Best Director for Hazanavicius, and Best Actor for Dujardin, who was the first French actor ever to win for Best Actor.
**HOW**

It was nominated for ten Academy Awards and won five, including Best Picture, Best Director for Hazanavicius, and Best Actor for Dujardin, who was the first French actor ever to win for Best Actor.
**WHAT**

It was nominated for ten Academy Awards and won five, including Best Picture, Best Director for Hazanavicius, and Best Actor for Dujardin, who was the first French actor ever to win for Best Actor.
**WHO**

It was the first French film to ever win Best Picture, and the first mainly silent film to win since 1927's Wings and Sunrise won best picture awards at the 1st Academy Awards in 1929.
**WHEN**

It was the first French film to ever win Best Picture, and the first mainly silent film to win since 1927's Wings and Sunrise won best picture awards at the 1st Academy Awards in 1929.
**WHAT**

It was the first French film to ever win Best Picture, and the first mainly silent film to win since 1927's Wings and Sunrise won best picture awards at the 1st Academy Awards in 1929.
**WHERE**

It was also the first film presented in the 4:3 aspect ratio to win since 1955's Marty, and the first black-and-white film to win since 1993's Schindler's List.
**WHEN**

It was also the first film presented in the 4:3 aspect ratio to win since 1955's Marty, and the first black-and-white film to win since 1993's Schindler's List.
**WHAT**

It was also the first film presented in the 4:3 aspect ratio to win since 1955's Marty, and the first black-and-white film to win since 1993's Schindler's List.
**HOW**

In France, it was nominated for ten César Awards, winning six, including Best Film, Best Director for Hazanavicius and Best Actress for Bejo.
**WHERE**

In France, it was nominated for ten César Awards, winning six, including Best Film, Best Director for Hazanavicius and Best Actress for Bejo.
**HOW**

In France, it was nominated for ten César Awards, winning six, including Best Film, Best Director for Hazanavicius and Best Actress for Bejo.
**WHAT**

In France, it was nominated for ten César Awards, winning six, including Best Film, Best Director for Hazanavicius and Best Actress for Bejo.
**WHO**

The Artist became the most awarded French film in history.
**WHAT**

Plot
In 1927, silent film star George Valentin is posing for pictures outside the premiere of his latest hit film, A Russian Affair, when a young woman, Peppy Miller, accidentally bumps into him.
**WHEN**

Plot
In 1927, silent film star George Valentin is posing for pictures outside the premiere of his latest hit film, A Russian Affair, when a young woman, Peppy Miller, accidentally bumps into him.
**WHO**

Plot
In 1927, silent film star George Valentin is posing for pictures outside the premiere of his latest hit film, A Russian Affair, when a young woman, Peppy Miller, accidentally bumps into him.
**WHAT**

Valentin reacts with humor to the accident and shows off Peppy for the cameras.
**HOW**

Valentin reacts with humor to the accident and shows off Peppy for the cameras.
**WHAT**

Valentin reacts with humor to the accident and shows off Peppy for the cameras.
**WHO**

The next day, Peppy finds herself on the front page of Variety with the headline "Who's That Girl?"
**WHAT**

The next day, Peppy finds herself on the front page of Variety with the headline "Who's That Girl?"
**WHO**

The next day, Peppy finds herself on the front page of Variety with the headline "Who's That Girl?"
**WHAT**

Later, Peppy auditions as a dancer and is spotted by Valentin, who insists that she have a part in Kinograph Studios' next production, despite objections from the studio boss, Al Zimmer.
**WHAT**

Later, Peppy auditions as a dancer and is spotted by Valentin, who insists that she have a part in Kinograph Studios' next production, despite objections from the studio boss, Al Zimmer.
**WHO**

Later, Peppy auditions as a dancer and is spotted by Valentin, who insists that she have a part in Kinograph Studios' next production, despite objections from the studio boss, Al Zimmer.
**WHERE**

While performing a scene together, Valentin and Peppy show great chemistry, despite her being merely an extra.
**WHAT**

While performing a scene together, Valentin and Peppy show great chemistry, despite her being merely an extra.
**WHO**

While performing a scene together, Valentin and Peppy show great chemistry, despite her being merely an extra.
**WHEN**

With a little guidance from Valentin (he draws a beauty spot on her, which will eventually be her trademark, after finding her in his dressing room), Peppy slowly rises through the industry, earning more prominent starring roles.
**WHAT**

With a little guidance from Valentin (he draws a beauty spot on her, which will eventually be her trademark, after finding her in his dressing room), Peppy slowly rises through the industry, earning more prominent starring roles.
**WHO**

With a little guidance from Valentin (he draws a beauty spot on her, which will eventually be her trademark, after finding her in his dressing room), Peppy slowly rises through the industry, earning more prominent starring roles.
**HOW**

Two years later, Zimmer announces the end of production of silent films at Kinograph Studios, but Valentin is dismissive, insisting that sound is just a fad.
**WHEN**

Two years later, Zimmer announces the end of production of silent films at Kinograph Studios, but Valentin is dismissive, insisting that sound is just a fad.
**WHAT**

Two years later, Zimmer announces the end of production of silent films at Kinograph Studios, but Valentin is dismissive, insisting that sound is just a fad.
**WHO**

Two years later, Zimmer announces the end of production of silent films at Kinograph Studios, but Valentin is dismissive, insisting that sound is just a fad.
**HOW**

In a dream, Valentin begins hearing sounds from his environment (as does the audience), but cannot speak himself, then wakes up in a sweat.
**WHO**

In a dream, Valentin begins hearing sounds from his environment (as does the audience), but cannot speak himself, then wakes up in a sweat.
**WHEN**

In a dream, Valentin begins hearing sounds from his environment (as does the audience), but cannot speak himself, then wakes up in a sweat.
**HOW**

He decides to produce and direct his own silent film, financing it himself.
**WHAT**

He decides to produce and direct his own silent film, financing it himself.
**WHO**

The film opens within a few days of Peppy's new sound film as well as the 1929 Stock Market Crash.
**WHEN**

The film opens within a few days of Peppy's new sound film as well as the 1929 Stock Market Crash.
**WHAT**

The film opens within a few days of Peppy's new sound film as well as the 1929 Stock Market Crash.
**WHO**

Now Valentin's only chance of avoiding bankruptcy is for his film to be a hit.
**HOW**

Now Valentin's only chance of avoiding bankruptcy is for his film to be a hit.
**WHO**

Now Valentin's only chance of avoiding bankruptcy is for his film to be a hit.
**WHAT**

Unfortunately audiences flock to Peppy's film instead and Valentin is ruined.
**WHAT**

Unfortunately audiences flock to Peppy's film instead and Valentin is ruined.
**WHO**

Unfortunately audiences flock to Peppy's film instead and Valentin is ruined.
**WHERE**

Unfortunately audiences flock to Peppy's film instead and Valentin is ruined.
**HOW**

His wife, Doris, kicks him out, and he moves into an apartment with his valet/chauffeur, Clifton, and his dog.
**WHO**

His wife, Doris, kicks him out, and he moves into an apartment with his valet/chauffeur, Clifton, and his dog.
**WHERE**

His wife, Doris, kicks him out, and he moves into an apartment with his valet/chauffeur, Clifton, and his dog.
**WHY**

Peppy goes on to become a major Hollywood star.
**WHAT**

Peppy goes on to become a major Hollywood star.
**WHO**

Later, the bankrupt Valentin is forced to auction off all of his personal effects, and fires Clifton, telling him to get another job.
**WHO**

Later, the bankrupt Valentin is forced to auction off all of his personal effects, and fires Clifton, telling him to get another job.
**WHAT**

Later, the bankrupt Valentin is forced to auction off all of his personal effects, and fires Clifton, telling him to get another job.
**WHY**

Depressed and drunk, Valentin angrily sets a match to his private collection of his earlier films.
**WHO**

Depressed and drunk, Valentin angrily sets a match to his private collection of his earlier films.
**WHAT**

As the nitrate film quickly blazes out of control he is overwhelmed by the smoke and passes out inside the burning house, still clutching a single film canister.
**WHAT**

However, Valentin's dog attracts the help of a nearby policeman, and after being rescued Valentin is hospitalized for injuries suffered in the fire.
**WHO**

However, Valentin's dog attracts the help of a nearby policeman, and after being rescued Valentin is hospitalized for injuries suffered in the fire.
**WHAT**

Peppy visits the hospital and discovers that the film he rescued is the one she was first in.
**WHO**

Peppy visits the hospital and discovers that the film he rescued is the one she was first in.
**WHERE**

Peppy visits the hospital and discovers that the film he rescued is the one she was first in.
**WHAT**

She asks for him to be moved to her house to recuperate.
**WHERE**

She asks for him to be moved to her house to recuperate.
**WHO**

She asks for him to be moved to her house to recuperate.
**WHAT**

Valentin awakens in a bed at her house, to find that Clifton is now working for Peppy.
**WHO**

Valentin awakens in a bed at her house, to find that Clifton is now working for Peppy.
**WHERE**

Valentin awakens in a bed at her house, to find that Clifton is now working for Peppy.
**WHAT**

Valentin seems to remain dismissive of Peppy having taken him in, prompting Clifton to sternly remind Valentin of his changing luck.
**WHO**

Valentin seems to remain dismissive of Peppy having taken him in, prompting Clifton to sternly remind Valentin of his changing luck.
**HOW**

Valentin seems to remain dismissive of Peppy having taken him in, prompting Clifton to sternly remind Valentin of his changing luck.
**WHAT**

Valentin seems to remain dismissive of Peppy having taken him in, prompting Clifton to sternly remind Valentin of his changing luck.
**WHY**

Peppy insists to Zimmer that Valentin co-star in her next film, threatening to quit Kinograph if Zimmer does not agree to her terms.
**WHAT**

Peppy insists to Zimmer that Valentin co-star in her next film, threatening to quit Kinograph if Zimmer does not agree to her terms.
**WHO**

After Valentin learns to his dismay that it had been Peppy who had purchased all his auctioned effects, he returns in despair to his burnt-out apartment.
**WHO**

After Valentin learns to his dismay that it had been Peppy who had purchased all his auctioned effects, he returns in despair to his burnt-out apartment.
**WHAT**

After Valentin learns to his dismay that it had been Peppy who had purchased all his auctioned effects, he returns in despair to his burnt-out apartment.
**WHERE**

After Valentin learns to his dismay that it had been Peppy who had purchased all his auctioned effects, he returns in despair to his burnt-out apartment.
**WHY**

Peppy arrives, panicked, and finds that Valentin is about to attempt suicide.
**WHO**

Peppy arrives, panicked, and finds that Valentin is about to attempt suicide.
**WHAT**

The two reconcile, and remembering Valentin's superb dancing ability, Peppy persuades Zimmer to let them make a musical together.
**WHAT**

The two reconcile, and remembering Valentin's superb dancing ability, Peppy persuades Zimmer to let them make a musical together.
**WHO**

Sound finally comes in as the film starts rolling for a dance scene with Peppy and Valentin.
**WHAT**

Sound finally comes in as the film starts rolling for a dance scene with Peppy and Valentin.
**WHEN**

Sound finally comes in as the film starts rolling for a dance scene with Peppy and Valentin.
**WHO**

Once the choreography is complete, the two dancers are heard panting, and the only time in the film sound is heard coming from Peppy, who otherwise says nothing.
**WHEN**

Once the choreography is complete, the two dancers are heard panting, and the only time in the film sound is heard coming from Peppy, who otherwise says nothing.
**WHAT**

Once the choreography is complete, the two dancers are heard panting, and the only time in the film sound is heard coming from Peppy, who otherwise says nothing.
**WHO**

The director of the musical calls out audibly, "Cut!"
**WHAT**

The director of the musical calls out audibly, "Cut!"
**WHO**

to which Zimmer adds: "Perfect.
**WHAT**

to which Zimmer adds: "Perfect.
**WHO**

Valentin, in his only audible line, replies "With pleasure!"
**WHAT**

Valentin, in his only audible line, replies "With pleasure!"
**WHO**

revealing his strong French accent.
**WHAT**

The camera then pulls back to the sounds of the film crew as they prepare to shoot another take.
**WHAT**

Cast
Jean Dujardin as George Valentin
Bérénice Bejo as Peppy Miller
Uggie as Jack (the dog)
John Goodman as Al Zimmer
James Cromwell as Clifton
Missi Pyle as Constance
Penelope Ann Miller as Doris Valentin
Malcolm McDowell as The Butler
Bitsie Tulloch as Norma
Beth Grant as Peppy's maid
Ed Lauter as Peppy's first chauffeur
Jen Lilley as Onlooker
Nina Siemaszko as Admiring woman
Jewel Shepard as Flapper starlet
Basil Hoffman as Auctioneer
Ben Kurland as Casting assistant
Ken Davitian as Pawnbroker
Bill Fagerbakke as Policeman
Matt Skollar as Peppy's assistant


Production

Director Michel Hazanavicius had been fantasizing about making a silent film for many years, both because many filmmakers he admires emerged in the silent era, and because of the image-driven nature of the form.
**WHO**

Cast
Jean Dujardin as George Valentin
Bérénice Bejo as Peppy Miller
Uggie as Jack (the dog)
John Goodman as Al Zimmer
James Cromwell as Clifton
Missi Pyle as Constance
Penelope Ann Miller as Doris Valentin
Malcolm McDowell as The Butler
Bitsie Tulloch as Norma
Beth Grant as Peppy's maid
Ed Lauter as Peppy's first chauffeur
Jen Lilley as Onlooker
Nina Siemaszko as Admiring woman
Jewel Shepard as Flapper starlet
Basil Hoffman as Auctioneer
Ben Kurland as Casting assistant
Ken Davitian as Pawnbroker
Bill Fagerbakke as Policeman
Matt Skollar as Peppy's assistant


Production

Director Michel Hazanavicius had been fantasizing about making a silent film for many years, both because many filmmakers he admires emerged in the silent era, and because of the image-driven nature of the form.
**WHAT**

Cast
Jean Dujardin as George Valentin
Bérénice Bejo as Peppy Miller
Uggie as Jack (the dog)
John Goodman as Al Zimmer
James Cromwell as Clifton
Missi Pyle as Constance
Penelope Ann Miller as Doris Valentin
Malcolm McDowell as The Butler
Bitsie Tulloch as Norma
Beth Grant as Peppy's maid
Ed Lauter as Peppy's first chauffeur
Jen Lilley as Onlooker
Nina Siemaszko as Admiring woman
Jewel Shepard as Flapper starlet
Basil Hoffman as Auctioneer
Ben Kurland as Casting assistant
Ken Davitian as Pawnbroker
Bill Fagerbakke as Policeman
Matt Skollar as Peppy's assistant


Production

Director Michel Hazanavicius had been fantasizing about making a silent film for many years, both because many filmmakers he admires emerged in the silent era, and because of the image-driven nature of the form.
**WHY**

According to Hazanavicius his wish to make a silent film was at first not taken seriously, but after the financial success of his spy-film pastiches OSS 117: Cairo, Nest of Spies and OSS 117: Lost in Rio, producers started to express interest.
**WHO**

According to Hazanavicius his wish to make a silent film was at first not taken seriously, but after the financial success of his spy-film pastiches OSS 117: Cairo, Nest of Spies and OSS 117: Lost in Rio, producers started to express interest.
**WHAT**

According to Hazanavicius his wish to make a silent film was at first not taken seriously, but after the financial success of his spy-film pastiches OSS 117: Cairo, Nest of Spies and OSS 117: Lost in Rio, producers started to express interest.
**WHEN**

According to Hazanavicius his wish to make a silent film was at first not taken seriously, but after the financial success of his spy-film pastiches OSS 117: Cairo, Nest of Spies and OSS 117: Lost in Rio, producers started to express interest.
**WHY**

The forming of the film's narrative started with Hazanavicius' desire to work again with actors Jean Dujardin and Bérénice Bejo, Hazanivicius's wife, who had starred in OSS 117: Cairo, Nest of Spies with Dujardin.
**WHAT**

The forming of the film's narrative started with Hazanavicius' desire to work again with actors Jean Dujardin and Bérénice Bejo, Hazanivicius's wife, who had starred in OSS 117: Cairo, Nest of Spies with Dujardin.
**WHO**

Hazanavicius chose the form of the melodrama, mostly because he thought many of the films from the silent era which have aged best are melodramas.
**WHO**

Hazanavicius chose the form of the melodrama, mostly because he thought many of the films from the silent era which have aged best are melodramas.
**WHY**

Hazanavicius chose the form of the melodrama, mostly because he thought many of the films from the silent era which have aged best are melodramas.
**WHAT**

He did extensive research about 1920s Hollywood, and studied silent films to find the right techniques to make the story comprehensible without having to use too many intertitles.
**WHAT**

He did extensive research about 1920s Hollywood, and studied silent films to find the right techniques to make the story comprehensible without having to use too many intertitles.
**WHY**

The screenplay took four months to write.
**HOW**

The screenplay took four months to write.
**WHAT**

The Artist was filmed in thirty-five days, made in the 1.33:1 screen ratio commonly used in the silent film era.
**WHAT**

The Artist was filmed in thirty-five days, made in the 1.33:1 screen ratio commonly used in the silent film era.
**HOW**

Though presented in black-and-white, it was shot in color by cinematographer Guillaume Schiffman.
**WHAT**

Though presented in black-and-white, it was shot in color by cinematographer Guillaume Schiffman.
**WHO**

All the technical details, including lenses, lighting and camera moves, were calibrated to get the look just right.
**WHY**

All the technical details, including lenses, lighting and camera moves, were calibrated to get the look just right.
**WHAT**

To recreate the slightly sped-up look of 1920s silent films, the film was shot at a slightly lower frame rate of 22 fps as opposed to the standard 24 fps.
**HOW**

To recreate the slightly sped-up look of 1920s silent films, the film was shot at a slightly lower frame rate of 22 fps as opposed to the standard 24 fps.
**WHAT**

To recreate the slightly sped-up look of 1920s silent films, the film was shot at a slightly lower frame rate of 22 fps as opposed to the standard 24 fps.
**WHY**

Most of the film is silent, except for two scenes of sound; one being a nightmare sequence and the other being the final scene in the film, where three characters speak, and the non-diegetic soundtrack.
**HOW**

Most of the film is silent, except for two scenes of sound; one being a nightmare sequence and the other being the final scene in the film, where three characters speak, and the non-diegetic soundtrack.
**WHAT**

Most of the film is silent, except for two scenes of sound; one being a nightmare sequence and the other being the final scene in the film, where three characters speak, and the non-diegetic soundtrack.
**WHEN**

Throughout the shoot, Hazanavicius played music from classic Hollywood films while the actors performed.
**WHAT**

Throughout the shoot, Hazanavicius played music from classic Hollywood films while the actors performed.
**WHEN**

Throughout the shoot, Hazanavicius played music from classic Hollywood films while the actors performed.
**WHO**

The film was produced by La Petite Reine and ARP Sélection for 13.47 million euro, including co-production support from Studio 37 and France 3 Cinéma, and pre-sales investment from Canal+ and CinéCinéma.
**WHO**

The film was produced by La Petite Reine and ARP Sélection for 13.47 million euro, including co-production support from Studio 37 and France 3 Cinéma, and pre-sales investment from Canal+ and CinéCinéma.
**WHAT**

The film was produced by La Petite Reine and ARP Sélection for 13.47 million euro, including co-production support from Studio 37 and France 3 Cinéma, and pre-sales investment from Canal+ and CinéCinéma.
**HOW**

The cast and the crew included both French and American members.
**YN**

All the scenes were shot in Los Angeles, primarily in Hollywood, but also in downtown theaters, restaurants and houses, including the one in which Mary Pickford lived.
**WHERE**

All the scenes were shot in Los Angeles, primarily in Hollywood, but also in downtown theaters, restaurants and houses, including the one in which Mary Pickford lived.
**WHO**

Soundstage work was done at Red Studios, and the studio lot itself doubled for part of the fictional Kinograph Studios lot, with Red's Lillian Way entrance doubling as the Kinograph entrance in several sequences.
**WHAT**

Soundstage work was done at Red Studios, and the studio lot itself doubled for part of the fictional Kinograph Studios lot, with Red's Lillian Way entrance doubling as the Kinograph entrance in several sequences.
**WHERE**

provided the location for the film's distinctive staircase sequence.
**WHAT**

provided the location for the film's distinctive staircase sequence.
**WHERE**

The dance sequence that closes the film took seventeen takes, and required Dujardin and Bejo to spend five months studying tap dancing, with Dujardin claiming that "in the first week it's fun, then it gets a little boring, but in the end is thrilling".
**HOW**

The dance sequence that closes the film took seventeen takes, and required Dujardin and Bejo to spend five months studying tap dancing, with Dujardin claiming that "in the first week it's fun, then it gets a little boring, but in the end is thrilling".
**WHO**

The dance sequence that closes the film took seventeen takes, and required Dujardin and Bejo to spend five months studying tap dancing, with Dujardin claiming that "in the first week it's fun, then it gets a little boring, but in the end is thrilling".
**WHAT**

The dance sequence that closes the film took seventeen takes, and required Dujardin and Bejo to spend five months studying tap dancing, with Dujardin claiming that "in the first week it's fun, then it gets a little boring, but in the end is thrilling".
**WHY**

American costume designer Mark Bridges created the wardrobe for the film's cast.
**WHO**

American costume designer Mark Bridges created the wardrobe for the film's cast.
**WHAT**

Music
The film's music was largely composed by Ludovic Bource, but includes works by other composers such as Alberto Ginastera's Estancia.
**WHO**

The soundtrack was recorded in Belgium by the Brussels Philharmonic and was conducted by Ernst Van Tiel.
**WHAT**

The soundtrack was recorded in Belgium by the Brussels Philharmonic and was conducted by Ernst Van Tiel.
**WHERE**

The soundtrack was recorded in Belgium by the Brussels Philharmonic and was conducted by Ernst Van Tiel.
**WHO**

The recording took place during six days in April 2011 at Flagey's Studio 4 in Brussels.
**WHEN**

The recording took place during six days in April 2011 at Flagey's Studio 4 in Brussels.
**WHERE**

The recording took place during six days in April 2011 at Flagey's Studio 4 in Brussels.
**WHAT**

The film's climactic scene is set to Bernard Herrmann's "Scene D'Amour" from his score to Alfred Hitchcock's film Vertigo.
**WHAT**

The film's climactic scene is set to Bernard Herrmann's "Scene D'Amour" from his score to Alfred Hitchcock's film Vertigo.
**WHO**

In Vertigo, that composition similarly accompanies an extended scene without dialogue.
**WHAT**

Only one song (sung, with lyrics) is used in the soundtrack, "Pennies from Heaven", sung by Rose "Chi-Chi" Murphy (uncredited).
**WHAT**

Only one song (sung, with lyrics) is used in the soundtrack, "Pennies from Heaven", sung by Rose "Chi-Chi" Murphy (uncredited).
**WHO**

This song was written in 1936 although the film is set between 1927 and 1932.
**WHEN**

The soundtrack was released on 21 October 2011 through Sony Classical Records.
**WHEN**

The soundtrack was released on 21 October 2011 through Sony Classical Records.
**WHO**

Track listing


Certifications


Release

The film premiered on 15 May in competition at the 2011 Cannes Film Festival.
**WHERE**

Track listing


Certifications


Release

The film premiered on 15 May in competition at the 2011 Cannes Film Festival.
**WHEN**

Track listing


Certifications


Release

The film premiered on 15 May in competition at the 2011 Cannes Film Festival.
**WHAT**

It was initially announced as an out of competition entry, but was moved to the competition a week before the festival opened.
**WHEN**

It was initially announced as an out of competition entry, but was moved to the competition a week before the festival opened.
**WHAT**

The French regular release was on 12 October 2011 through Warner Bros.
**WHEN**

The French regular release was on 12 October 2011 through Warner Bros.
**WHAT**

France.The Weinstein Company bought the distribution rights for the United States and Australia and Entertainment Film Distributors bought the UK distribution.
**WHAT**

France.The Weinstein Company bought the distribution rights for the United States and Australia and Entertainment Film Distributors bought the UK distribution.
**WHERE**

The film was initially given limited release in the United States on 23 November 2011.
**WHEN**

The film was initially given limited release in the United States on 23 November 2011.
**WHERE**

The film was initially given limited release in the United States on 23 November 2011.
**WHAT**

would re-release the film in France in 362 theaters on 25 January 2012.
**WHEN**

would re-release the film in France in 362 theaters on 25 January 2012.
**WHAT**

would re-release the film in France in 362 theaters on 25 January 2012.
**WHERE**

would re-release the film in France in 362 theaters on 25 January 2012.
**HOW**

It was also re-released in Belgium on 22 February 2012.
**WHERE**

It was also re-released in Belgium on 22 February 2012.
**WHEN**

Box office
As of 21 June 2012, The Artist has grossed $44,671,682 in North America, along with $88,761,174 in other territories for a worldwide total of $133,432,856.
**HOW**

Box office
As of 21 June 2012, The Artist has grossed $44,671,682 in North America, along with $88,761,174 in other territories for a worldwide total of $133,432,856.
**WHERE**

After its success at the Academy Awards, the film saw a moderate boost the following week on the box office in North America.
**WHEN**

After its success at the Academy Awards, the film saw a moderate boost the following week on the box office in North America.
**WHAT**

After its success at the Academy Awards, the film saw a moderate boost the following week on the box office in North America.
**WHERE**

It appeared on the week's top 10 chart and got an increase of 34% while expanding its release from 966 theaters to 1,756.
**HOW**

It appeared on the week's top 10 chart and got an increase of 34% while expanding its release from 966 theaters to 1,756.
**WHERE**

Critical reception
The film received highly positive reviews among critics.
**WHAT**

Review aggregate Rotten Tomatoes reports that 98% of critics have given The Artist a positive review based on 210 reviews, with an average rating of 8.8/10, making the film a "Certified Fresh" on the website's rating system.
**WHAT**

Review aggregate Rotten Tomatoes reports that 98% of critics have given The Artist a positive review based on 210 reviews, with an average rating of 8.8/10, making the film a "Certified Fresh" on the website's rating system.
**HOW**

At Metacritic, which assigns a weighted mean rating out of 100 to reviews from mainstream critics, the film received an average score of 89, based on 41 reviews, which indicates "Universal Acclaim".
**HOW**

At Metacritic, which assigns a weighted mean rating out of 100 to reviews from mainstream critics, the film received an average score of 89, based on 41 reviews, which indicates "Universal Acclaim".
**WHAT**

The reviewers at Spill.com gave it their highest rating, a "Better than Sex"
Mark Adams of Screen Daily called the film "a real pleasure"; "propelled elegantly forward by delightful performances from Jean Dujardin and Bérénice Bejo it is the most unlikely of feel-good movies."
**WHAT**

The reviewers at Spill.com gave it their highest rating, a "Better than Sex"
Mark Adams of Screen Daily called the film "a real pleasure"; "propelled elegantly forward by delightful performances from Jean Dujardin and Bérénice Bejo it is the most unlikely of feel-good movies."
**WHO**

He added however: "The film does feel a little sluggish towards the end of the first third as the music is a little repetitive and the intertitles are infrequent, but Hazanavicius manages to give the film a real sense of charm and warmth, and film fans will be competing to spot visual and musical references."
**WHO**

He added however: "The film does feel a little sluggish towards the end of the first third as the music is a little repetitive and the intertitles are infrequent, but Hazanavicius manages to give the film a real sense of charm and warmth, and film fans will be competing to spot visual and musical references."
**HOW**

Peter Bradshaw of The Guardian described how the film "had me on my feet cheering throughout the final credits" and stated "I can't wait to see it again".
**WHO**

Peter Bradshaw of The Guardian described how the film "had me on my feet cheering throughout the final credits" and stated "I can't wait to see it again".
**WHAT**

Geoffrey McNab at The Independent called the film "both a surefire crowdpleaser and a magnificent piece of film-making" in his 5 star review from the Cannes Film Festival.
**WHO**

Geoffrey McNab at The Independent called the film "both a surefire crowdpleaser and a magnificent piece of film-making" in his 5 star review from the Cannes Film Festival.
**WHAT**

Rick Groen of The Globe and Mail assessed The Artist highly, noting the film "uses old technology to dazzling effect to illustrate the insistent conquest of a new technology."
**WHO**

Sukanya Verma for Rediff.com feels The Artist is an extremely well-researched film and is an instant classic.
**WHO**

Sukanya Verma for Rediff.com feels The Artist is an extremely well-researched film and is an instant classic.
**WHAT**

David Thomson of The New Republic called The Artist an "accomplished and witty entertainment" and went on to write, "Whether Hazanavicius can do more things as elegant and touching, without the gimmick of silence, remains to be seen (and heard).
**WHO**

David Thomson of The New Republic called The Artist an "accomplished and witty entertainment" and went on to write, "Whether Hazanavicius can do more things as elegant and touching, without the gimmick of silence, remains to be seen (and heard).
**WHAT**

Meanwhile, he is to be congratulated on the grounds of pleasure alone.
**WHY**

Meanwhile, he is to be congratulated on the grounds of pleasure alone.
**WHO**

He may be due for much more in the way of rewards."
**WHO**

He may be due for much more in the way of rewards."
**WHAT**

Writing for Slant Magazine, Jaime N. Christley gave the film 1.5 out of 4 stars, explaining Michel Hazanavicius ignores "everything that's fascinating and memorable about the era, focusing instead on a patchwork of general knowledge, so eroded of inconvenient facts that it doesn't even qualify as a roman à clef.
**WHAT**

Writing for Slant Magazine, Jaime N. Christley gave the film 1.5 out of 4 stars, explaining Michel Hazanavicius ignores "everything that's fascinating and memorable about the era, focusing instead on a patchwork of general knowledge, so eroded of inconvenient facts that it doesn't even qualify as a roman à clef.
**WHO**

Writing for Slant Magazine, Jaime N. Christley gave the film 1.5 out of 4 stars, explaining Michel Hazanavicius ignores "everything that's fascinating and memorable about the era, focusing instead on a patchwork of general knowledge, so eroded of inconvenient facts that it doesn't even qualify as a roman à clef.
**HOW**

"America Magazine argued that while Jean Dujardin carried the film, Bejo's performance was disappointing.
**WHO**

Kim Novak controversy
On 9 January 2012, actress Kim Novak stated that "rape" had been committed in regard to the musical score by Ludovic Bource, which incorporates a portion of Bernard Herrmann's score from Alfred Hitchcock's 1958 film Vertigo (in which Novak had starred).
**WHEN**

Kim Novak controversy
On 9 January 2012, actress Kim Novak stated that "rape" had been committed in regard to the musical score by Ludovic Bource, which incorporates a portion of Bernard Herrmann's score from Alfred Hitchcock's 1958 film Vertigo (in which Novak had starred).
**WHO**

Kim Novak controversy
On 9 January 2012, actress Kim Novak stated that "rape" had been committed in regard to the musical score by Ludovic Bource, which incorporates a portion of Bernard Herrmann's score from Alfred Hitchcock's 1958 film Vertigo (in which Novak had starred).
**WHAT**

In the article published, by Variety, she stated that "I feel as if my body — or at least my body of work — has been violated by the movie."
**WHERE**

In the article published, by Variety, she stated that "I feel as if my body — or at least my body of work — has been violated by the movie."
**WHAT**

"This film should've been able to stand on its own without depending on Bernard Herrmann's score from Alfred Hitchcock's 'Vertigo' to provide more drama" and that "It is morally wrong for the artistry of our industry to use and abuse famous pieces of work to gain attention and applause for other than what they were intended", ending her comments with "Shame on them!"
**WHAT**

"This film should've been able to stand on its own without depending on Bernard Herrmann's score from Alfred Hitchcock's 'Vertigo' to provide more drama" and that "It is morally wrong for the artistry of our industry to use and abuse famous pieces of work to gain attention and applause for other than what they were intended", ending her comments with "Shame on them!"
**WHO**

In response, director Hazanavicius released a statement:

"The Artist was made as a love letter to cinema, and grew out of my (and all of my cast and crew’s) admiration and respect for movies throughout history.
**WHO**

In response, director Hazanavicius released a statement:

"The Artist was made as a love letter to cinema, and grew out of my (and all of my cast and crew’s) admiration and respect for movies throughout history.
**WHAT**

In response, director Hazanavicius released a statement:

"The Artist was made as a love letter to cinema, and grew out of my (and all of my cast and crew’s) admiration and respect for movies throughout history.
**HOW**

It was inspired by the work of Hitchcock, Lang, Ford, Lubitsch, Murnau and Wilder.
**WHO**

I love Bernard Herrmann and his music has been used in many different films and I’m very pleased to have it in mine.
**WHO**

I respect Kim Novak greatly and I’m sorry to hear she disagrees."
**WHO**

I respect Kim Novak greatly and I’m sorry to hear she disagrees."
**WHAT**

Hazanavicius also told CNN "I used music from another movie, but it’s not illegal.
**WHO**

We paid for that, we asked for that and we had the permission to do it.
**WHAT**

For me there is no real controversy.... I feel sorry for her, but there’s a lot of movies with music from other movies, directors do that all the time and I’m not sure it’s a big deal."
**YN**

In May 2011, when the film was first shown at the Cannes Festival, Todd McCarthy from The Hollywood Reporter mentioned the use of Herrmann's music, "Hazanavicius and Bource daringly choose to explicitly employ Bernard Herrmann’s love theme from Vertigo, which is dramatically effective in its own right but is so well known that it yanks you out of one film and places you in the mind-set of another.
**WHEN**

In May 2011, when the film was first shown at the Cannes Festival, Todd McCarthy from The Hollywood Reporter mentioned the use of Herrmann's music, "Hazanavicius and Bource daringly choose to explicitly employ Bernard Herrmann’s love theme from Vertigo, which is dramatically effective in its own right but is so well known that it yanks you out of one film and places you in the mind-set of another.
**WHERE**

In May 2011, when the film was first shown at the Cannes Festival, Todd McCarthy from The Hollywood Reporter mentioned the use of Herrmann's music, "Hazanavicius and Bource daringly choose to explicitly employ Bernard Herrmann’s love theme from Vertigo, which is dramatically effective in its own right but is so well known that it yanks you out of one film and places you in the mind-set of another.
**WHO**

In May 2011, when the film was first shown at the Cannes Festival, Todd McCarthy from The Hollywood Reporter mentioned the use of Herrmann's music, "Hazanavicius and Bource daringly choose to explicitly employ Bernard Herrmann’s love theme from Vertigo, which is dramatically effective in its own right but is so well known that it yanks you out of one film and places you in the mind-set of another.
**WHAT**

Surely some sort of reworked equivalent would have been a better idea."
**YN**

Home media
The Artist was released in the U.S.
**WHERE**

on DVD and Blu-ray on 26 June 2012.
**WHAT**

on DVD and Blu-ray on 26 June 2012.
**WHEN**

It was released in the UK on 28 May 2012.
**WHERE**

It was released in the UK on 28 May 2012.
**WHEN**

Top ten lists
The film has appeared on the following critics' top ten lists for the best films of 2011:


Awards and nominations

At the 65th British Academy Film Awards, the film won seven awards, including Best Film, Best Actor for Dujardin, Best Original Screenplay for Hazanavicius, Cinematography for Schiffman, Costume Design for Bridges and Original Score for Ludovic Bource.
**HOW**

Top ten lists
The film has appeared on the following critics' top ten lists for the best films of 2011:


Awards and nominations

At the 65th British Academy Film Awards, the film won seven awards, including Best Film, Best Actor for Dujardin, Best Original Screenplay for Hazanavicius, Cinematography for Schiffman, Costume Design for Bridges and Original Score for Ludovic Bource.
**WHERE**

Top ten lists
The film has appeared on the following critics' top ten lists for the best films of 2011:


Awards and nominations

At the 65th British Academy Film Awards, the film won seven awards, including Best Film, Best Actor for Dujardin, Best Original Screenplay for Hazanavicius, Cinematography for Schiffman, Costume Design for Bridges and Original Score for Ludovic Bource.
**WHO**

At the 69th Golden Globe Awards, the film was nominated for six Golden Globes to win three of them; Best Motion Picture – Musical or Comedy, Best Actor – Motion Picture Musical or Comedy for Dujardin and Best Musical Score for Bource.
**WHERE**

At the 69th Golden Globe Awards, the film was nominated for six Golden Globes to win three of them; Best Motion Picture – Musical or Comedy, Best Actor – Motion Picture Musical or Comedy for Dujardin and Best Musical Score for Bource.
**HOW**

At the 69th Golden Globe Awards, the film was nominated for six Golden Globes to win three of them; Best Motion Picture – Musical or Comedy, Best Actor – Motion Picture Musical or Comedy for Dujardin and Best Musical Score for Bource.
**WHO**

At the 84th Academy Awards, The Artist received ten nominations, winning five awards, including Best Picture, Best Director for Hazanavicius, Best Actor for Dujardin, Best Costume Design, and Best Original Score.
**WHERE**

At the 84th Academy Awards, The Artist received ten nominations, winning five awards, including Best Picture, Best Director for Hazanavicius, Best Actor for Dujardin, Best Costume Design, and Best Original Score.
**HOW**

At the 84th Academy Awards, The Artist received ten nominations, winning five awards, including Best Picture, Best Director for Hazanavicius, Best Actor for Dujardin, Best Costume Design, and Best Original Score.
**WHO**

